140303 14:04:48 mysqld_safe Starting mysqld daemon with databases from /usr/local/var/mysql
2014-03-03 14:04:48 0 [Warning] TIMESTAMP with implicit DEFAULT value is deprecated. Please use --explicit_defaults_for_timestamp server option (see documentation for more details).
2014-03-03 14:04:48 1271 [Warning] Setting lower_case_table_names=2 because file system for /usr/local/var/mysql/ is case insensitive
2014-03-03 14:04:48 1271 [Note] Plugin 'FEDERATED' is disabled.
2014-03-03 14:04:48 1271 [Note] InnoDB: Using atomics to ref count buffer pool pages
2014-03-03 14:04:48 1271 [Note] InnoDB: The InnoDB memory heap is disabled
2014-03-03 14:04:48 1271 [Note] InnoDB: Mutexes and rw_locks use GCC atomic builtins
2014-03-03 14:04:48 1271 [Note] InnoDB: Compressed tables use zlib 1.2.3
2014-03-03 14:04:48 1271 [Note] InnoDB: Using CPU crc32 instructions
2014-03-03 14:04:48 1271 [Note] InnoDB: Initializing buffer pool, size = 128.0M
2014-03-03 14:04:48 1271 [Note] InnoDB: Completed initialization of buffer pool
2014-03-03 14:04:48 1271 [Note] InnoDB: Highest supported file format is Barracuda.
2014-03-03 14:04:48 1271 [Note] InnoDB: 128 rollback segment(s) are active.
2014-03-03 14:04:48 1271 [Note] InnoDB: Waiting for purge to start
2014-03-03 14:04:48 1271 [Note] InnoDB: 5.6.16 started; log sequence number 1625987
2014-03-03 14:04:48 1271 [Warning] No existing UUID has been found, so we assume that this is the first time that this server has been started. Generating a new UUID: ba2d9674-a299-11e3-a726-c9150e07f8c8.
2014-03-03 14:04:48 1271 [Note] Server hostname (bind-address): '*'; port: 3306
2014-03-03 14:04:48 1271 [Note] IPv6 is available.
2014-03-03 14:04:48 1271 [Note]   - '::' resolves to '::';
2014-03-03 14:04:48 1271 [Note] Server socket created on IP: '::'.
2014-03-03 14:04:48 1271 [Note] Event Scheduler: Loaded 0 events
2014-03-03 14:04:48 1271 [Note] /usr/local/Cellar/mysql/5.6.16/bin/mysqld: ready for connections.
Version: '5.6.16'  socket: '/tmp/mysql.sock'  port: 3306  Homebrew
2014-03-03 14:05:40 1271 [Note] /usr/local/Cellar/mysql/5.6.16/bin/mysqld: Normal shutdown

2014-03-03 14:05:40 1271 [Note] Giving 0 client threads a chance to die gracefully
2014-03-03 14:05:40 1271 [Note] Event Scheduler: Purging the queue. 0 events
2014-03-03 14:05:40 1271 [Note] Shutting down slave threads
2014-03-03 14:05:40 1271 [Note] Forcefully disconnecting 0 remaining clients
2014-03-03 14:05:40 1271 [Note] Binlog end
2014-03-03 14:05:40 1271 [Note] Shutting down plugin 'partition'
2014-03-03 14:05:40 1271 [Note] Shutting down plugin 'PERFORMANCE_SCHEMA'
2014-03-03 14:05:40 1271 [Note] Shutting down plugin 'INNODB_SYS_DATAFILES'
2014-03-03 14:05:40 1271 [Note] Shutting down plugin 'INNODB_SYS_TABLESPACES'
2014-03-03 14:05:40 1271 [Note] Shutting down plugin 'INNODB_SYS_FOREIGN_COLS'
2014-03-03 14:05:40 1271 [Note] Shutting down plugin 'INNODB_SYS_FOREIGN'
2014-03-03 14:05:40 1271 [Note] Shutting down plugin 'INNODB_SYS_FIELDS'
2014-03-03 14:05:40 1271 [Note] Shutting down plugin 'INNODB_SYS_COLUMNS'
2014-03-03 14:05:40 1271 [Note] Shutting down plugin 'INNODB_SYS_INDEXES'
2014-03-03 14:05:40 1271 [Note] Shutting down plugin 'INNODB_SYS_TABLESTATS'
2014-03-03 14:05:40 1271 [Note] Shutting down plugin 'INNODB_SYS_TABLES'
2014-03-03 14:05:40 1271 [Note] Shutting down plugin 'INNODB_FT_INDEX_TABLE'
2014-03-03 14:05:40 1271 [Note] Shutting down plugin 'INNODB_FT_INDEX_CACHE'
2014-03-03 14:05:40 1271 [Note] Shutting down plugin 'INNODB_FT_CONFIG'
2014-03-03 14:05:40 1271 [Note] Shutting down plugin 'INNODB_FT_BEING_DELETED'
2014-03-03 14:05:40 1271 [Note] Shutting down plugin 'INNODB_FT_DELETED'
2014-03-03 14:05:40 1271 [Note] Shutting down plugin 'INNODB_FT_DEFAULT_STOPWORD'
2014-03-03 14:05:40 1271 [Note] Shutting down plugin 'INNODB_METRICS'
2014-03-03 14:05:40 1271 [Note] Shutting down plugin 'INNODB_BUFFER_POOL_STATS'
2014-03-03 14:05:40 1271 [Note] Shutting down plugin 'INNODB_BUFFER_PAGE_LRU'
2014-03-03 14:05:40 1271 [Note] Shutting down plugin 'INNODB_BUFFER_PAGE'
2014-03-03 14:05:40 1271 [Note] Shutting down plugin 'INNODB_CMP_PER_INDEX_RESET'
2014-03-03 14:05:40 1271 [Note] Shutting down plugin 'INNODB_CMP_PER_INDEX'
2014-03-03 14:05:40 1271 [Note] Shutting down plugin 'INNODB_CMPMEM_RESET'
2014-03-03 14:05:40 1271 [Note] Shutting down plugin 'INNODB_CMPMEM'
2014-03-03 14:05:40 1271 [Note] Shutting down plugin 'INNODB_CMP_RESET'
2014-03-03 14:05:40 1271 [Note] Shutting down plugin 'INNODB_CMP'
2014-03-03 14:05:40 1271 [Note] Shutting down plugin 'INNODB_LOCK_WAITS'
2014-03-03 14:05:40 1271 [Note] Shutting down plugin 'INNODB_LOCKS'
2014-03-03 14:05:40 1271 [Note] Shutting down plugin 'INNODB_TRX'
2014-03-03 14:05:40 1271 [Note] Shutting down plugin 'InnoDB'
2014-03-03 14:05:40 1271 [Note] InnoDB: FTS optimize thread exiting.
2014-03-03 14:05:40 1271 [Note] InnoDB: Starting shutdown...
2014-03-03 14:05:41 1271 [Note] InnoDB: Shutdown completed; log sequence number 1625997
2014-03-03 14:05:41 1271 [Note] Shutting down plugin 'BLACKHOLE'
2014-03-03 14:05:41 1271 [Note] Shutting down plugin 'ARCHIVE'
2014-03-03 14:05:41 1271 [Note] Shutting down plugin 'MRG_MYISAM'
2014-03-03 14:05:41 1271 [Note] Shutting down plugin 'MyISAM'
2014-03-03 14:05:41 1271 [Note] Shutting down plugin 'MEMORY'
2014-03-03 14:05:41 1271 [Note] Shutting down plugin 'CSV'
2014-03-03 14:05:41 1271 [Note] Shutting down plugin 'sha256_password'
2014-03-03 14:05:41 1271 [Note] Shutting down plugin 'mysql_old_password'
2014-03-03 14:05:41 1271 [Note] Shutting down plugin 'mysql_native_password'
2014-03-03 14:05:41 1271 [Note] Shutting down plugin 'binlog'
2014-03-03 14:05:41 1271 [Note] /usr/local/Cellar/mysql/5.6.16/bin/mysqld: Shutdown complete

140303 14:05:41 mysqld_safe mysqld from pid file /usr/local/var/mysql/localhost.pid ended
140303 14:06:02 mysqld_safe Starting mysqld daemon with databases from /usr/local/var/mysql
2014-03-03 14:06:02 0 [Warning] TIMESTAMP with implicit DEFAULT value is deprecated. Please use --explicit_defaults_for_timestamp server option (see documentation for more details).
2014-03-03 14:06:02 1397 [Warning] Setting lower_case_table_names=2 because file system for /usr/local/var/mysql/ is case insensitive
2014-03-03 14:06:02 1397 [Note] Plugin 'FEDERATED' is disabled.
2014-03-03 14:06:02 1397 [Note] InnoDB: Using atomics to ref count buffer pool pages
2014-03-03 14:06:02 1397 [Note] InnoDB: The InnoDB memory heap is disabled
2014-03-03 14:06:02 1397 [Note] InnoDB: Mutexes and rw_locks use GCC atomic builtins
2014-03-03 14:06:02 1397 [Note] InnoDB: Compressed tables use zlib 1.2.3
2014-03-03 14:06:02 1397 [Note] InnoDB: Using CPU crc32 instructions
2014-03-03 14:06:02 1397 [Note] InnoDB: Initializing buffer pool, size = 128.0M
2014-03-03 14:06:02 1397 [Note] InnoDB: Completed initialization of buffer pool
2014-03-03 14:06:02 1397 [Note] InnoDB: Highest supported file format is Barracuda.
2014-03-03 14:06:02 1397 [Note] InnoDB: 128 rollback segment(s) are active.
2014-03-03 14:06:02 1397 [Note] InnoDB: 5.6.16 started; log sequence number 1625997
2014-03-03 14:06:02 1397 [Note] Server hostname (bind-address): '*'; port: 3306
2014-03-03 14:06:02 1397 [Note] IPv6 is available.
2014-03-03 14:06:02 1397 [Note]   - '::' resolves to '::';
2014-03-03 14:06:02 1397 [Note] Server socket created on IP: '::'.
2014-03-03 14:06:02 1397 [Note] Event Scheduler: Loaded 0 events
2014-03-03 14:06:02 1397 [Note] /usr/local/Cellar/mysql/5.6.16/bin/mysqld: ready for connections.
Version: '5.6.16'  socket: '/tmp/mysql.sock'  port: 3306  Homebrew
2014-03-03 14:14:48 1397 [Note] /usr/local/Cellar/mysql/5.6.16/bin/mysqld: Normal shutdown

2014-03-03 14:14:48 1397 [Note] Giving 0 client threads a chance to die gracefully
2014-03-03 14:14:48 1397 [Note] Event Scheduler: Purging the queue. 0 events
2014-03-03 14:14:48 1397 [Note] Shutting down slave threads
2014-03-03 14:14:48 1397 [Note] Forcefully disconnecting 0 remaining clients
2014-03-03 14:14:48 1397 [Note] Binlog end
2014-03-03 14:14:48 1397 [Note] Shutting down plugin 'partition'
2014-03-03 14:14:48 1397 [Note] Shutting down plugin 'PERFORMANCE_SCHEMA'
2014-03-03 14:14:48 1397 [Note] Shutting down plugin 'INNODB_SYS_DATAFILES'
2014-03-03 14:14:48 1397 [Note] Shutting down plugin 'INNODB_SYS_TABLESPACES'
2014-03-03 14:14:48 1397 [Note] Shutting down plugin 'INNODB_SYS_FOREIGN_COLS'
2014-03-03 14:14:48 1397 [Note] Shutting down plugin 'INNODB_SYS_FOREIGN'
2014-03-03 14:14:48 1397 [Note] Shutting down plugin 'INNODB_SYS_FIELDS'
2014-03-03 14:14:48 1397 [Note] Shutting down plugin 'INNODB_SYS_COLUMNS'
2014-03-03 14:14:48 1397 [Note] Shutting down plugin 'INNODB_SYS_INDEXES'
2014-03-03 14:14:48 1397 [Note] Shutting down plugin 'INNODB_SYS_TABLESTATS'
2014-03-03 14:14:48 1397 [Note] Shutting down plugin 'INNODB_SYS_TABLES'
2014-03-03 14:14:48 1397 [Note] Shutting down plugin 'INNODB_FT_INDEX_TABLE'
2014-03-03 14:14:48 1397 [Note] Shutting down plugin 'INNODB_FT_INDEX_CACHE'
2014-03-03 14:14:48 1397 [Note] Shutting down plugin 'INNODB_FT_CONFIG'
2014-03-03 14:14:48 1397 [Note] Shutting down plugin 'INNODB_FT_BEING_DELETED'
2014-03-03 14:14:48 1397 [Note] Shutting down plugin 'INNODB_FT_DELETED'
2014-03-03 14:14:48 1397 [Note] Shutting down plugin 'INNODB_FT_DEFAULT_STOPWORD'
2014-03-03 14:14:48 1397 [Note] Shutting down plugin 'INNODB_METRICS'
2014-03-03 14:14:48 1397 [Note] Shutting down plugin 'INNODB_BUFFER_POOL_STATS'
2014-03-03 14:14:48 1397 [Note] Shutting down plugin 'INNODB_BUFFER_PAGE_LRU'
2014-03-03 14:14:48 1397 [Note] Shutting down plugin 'INNODB_BUFFER_PAGE'
2014-03-03 14:14:48 1397 [Note] Shutting down plugin 'INNODB_CMP_PER_INDEX_RESET'
2014-03-03 14:14:48 1397 [Note] Shutting down plugin 'INNODB_CMP_PER_INDEX'
2014-03-03 14:14:48 1397 [Note] Shutting down plugin 'INNODB_CMPMEM_RESET'
2014-03-03 14:14:48 1397 [Note] Shutting down plugin 'INNODB_CMPMEM'
2014-03-03 14:14:48 1397 [Note] Shutting down plugin 'INNODB_CMP_RESET'
2014-03-03 14:14:48 1397 [Note] Shutting down plugin 'INNODB_CMP'
2014-03-03 14:14:48 1397 [Note] Shutting down plugin 'INNODB_LOCK_WAITS'
2014-03-03 14:14:48 1397 [Note] Shutting down plugin 'INNODB_LOCKS'
2014-03-03 14:14:48 1397 [Note] Shutting down plugin 'INNODB_TRX'
2014-03-03 14:14:48 1397 [Note] Shutting down plugin 'InnoDB'
2014-03-03 14:14:48 1397 [Note] InnoDB: FTS optimize thread exiting.
2014-03-03 14:14:48 1397 [Note] InnoDB: Starting shutdown...
2014-03-03 14:14:48 1397 [Note] InnoDB: Shutdown completed; log sequence number 1626007
2014-03-03 14:14:48 1397 [Note] Shutting down plugin 'BLACKHOLE'
2014-03-03 14:14:48 1397 [Note] Shutting down plugin 'ARCHIVE'
2014-03-03 14:14:48 1397 [Note] Shutting down plugin 'MRG_MYISAM'
2014-03-03 14:14:48 1397 [Note] Shutting down plugin 'MyISAM'
2014-03-03 14:14:48 1397 [Note] Shutting down plugin 'MEMORY'
2014-03-03 14:14:48 1397 [Note] Shutting down plugin 'CSV'
2014-03-03 14:14:48 1397 [Note] Shutting down plugin 'sha256_password'
2014-03-03 14:14:48 1397 [Note] Shutting down plugin 'mysql_old_password'
2014-03-03 14:14:48 1397 [Note] Shutting down plugin 'mysql_native_password'
2014-03-03 14:14:48 1397 [Note] Shutting down plugin 'binlog'
2014-03-03 14:14:48 1397 [Note] /usr/local/Cellar/mysql/5.6.16/bin/mysqld: Shutdown complete

140303 14:14:49 mysqld_safe mysqld from pid file /usr/local/var/mysql/localhost.pid ended
151219 22:41:02 mysqld_safe Starting mysqld daemon with databases from /usr/local/var/mysql
2015-12-19 22:41:03 0 [Warning] TIMESTAMP with implicit DEFAULT value is deprecated. Please use --explicit_defaults_for_timestamp server option (see documentation for more details).
2015-12-19 22:41:03 83199 [Warning] Setting lower_case_table_names=2 because file system for /usr/local/var/mysql/ is case insensitive
2015-12-19 22:41:03 83199 [Note] Plugin 'FEDERATED' is disabled.
2015-12-19 22:41:03 83199 [Note] InnoDB: Using atomics to ref count buffer pool pages
2015-12-19 22:41:03 83199 [Note] InnoDB: The InnoDB memory heap is disabled
2015-12-19 22:41:03 83199 [Note] InnoDB: Mutexes and rw_locks use GCC atomic builtins
2015-12-19 22:41:03 83199 [Note] InnoDB: Compressed tables use zlib 1.2.3
2015-12-19 22:41:03 83199 [Note] InnoDB: Using CPU crc32 instructions
2015-12-19 22:41:03 83199 [Note] InnoDB: Initializing buffer pool, size = 128.0M
2015-12-19 22:41:03 83199 [Note] InnoDB: Completed initialization of buffer pool
2015-12-19 22:41:03 83199 [ERROR] InnoDB: Unable to lock ./ibdata1, error: 35
2015-12-19 22:41:03 83199 [Note] InnoDB: Check that you do not already have another mysqld process using the same InnoDB data or log files.
2015-12-19 22:41:03 83199 [Note] InnoDB: Retrying to lock the first data file
2015-12-19 22:41:04 83199 [ERROR] InnoDB: Unable to lock ./ibdata1, error: 35
2015-12-19 22:41:04 83199 [Note] InnoDB: Check that you do not already have another mysqld process using the same InnoDB data or log files.
2015-12-19 22:41:05 83199 [ERROR] InnoDB: Unable to lock ./ibdata1, error: 35
2015-12-19 22:41:05 83199 [Note] InnoDB: Check that you do not already have another mysqld process using the same InnoDB data or log files.
2015-12-19 22:41:06 83199 [ERROR] InnoDB: Unable to lock ./ibdata1, error: 35
2015-12-19 22:41:06 83199 [Note] InnoDB: Check that you do not already have another mysqld process using the same InnoDB data or log files.
2015-12-19 22:41:07 83199 [ERROR] InnoDB: Unable to lock ./ibdata1, error: 35
2015-12-19 22:41:07 83199 [Note] InnoDB: Check that you do not already have another mysqld process using the same InnoDB data or log files.
2015-12-19 22:41:08 83199 [ERROR] InnoDB: Unable to lock ./ibdata1, error: 35
2015-12-19 22:41:08 83199 [Note] InnoDB: Check that you do not already have another mysqld process using the same InnoDB data or log files.
2015-12-19 22:41:09 83199 [ERROR] InnoDB: Unable to lock ./ibdata1, error: 35
2015-12-19 22:41:09 83199 [Note] InnoDB: Check that you do not already have another mysqld process using the same InnoDB data or log files.
2015-12-19 22:41:10 83199 [ERROR] InnoDB: Unable to lock ./ibdata1, error: 35
2015-12-19 22:41:10 83199 [Note] InnoDB: Check that you do not already have another mysqld process using the same InnoDB data or log files.
2015-12-19 22:41:11 83199 [ERROR] InnoDB: Unable to lock ./ibdata1, error: 35
2015-12-19 22:41:11 83199 [Note] InnoDB: Check that you do not already have another mysqld process using the same InnoDB data or log files.
2015-12-19 22:41:12 83199 [ERROR] InnoDB: Unable to lock ./ibdata1, error: 35
2015-12-19 22:41:12 83199 [Note] InnoDB: Check that you do not already have another mysqld process using the same InnoDB data or log files.
2015-12-19 22:41:13 83199 [ERROR] InnoDB: Unable to lock ./ibdata1, error: 35
2015-12-19 22:41:13 83199 [Note] InnoDB: Check that you do not already have another mysqld process using the same InnoDB data or log files.
2015-12-19 22:41:14 83199 [ERROR] InnoDB: Unable to lock ./ibdata1, error: 35
2015-12-19 22:41:14 83199 [Note] InnoDB: Check that you do not already have another mysqld process using the same InnoDB data or log files.
2015-12-19 22:41:15 83199 [ERROR] InnoDB: Unable to lock ./ibdata1, error: 35
2015-12-19 22:41:15 83199 [Note] InnoDB: Check that you do not already have another mysqld process using the same InnoDB data or log files.
2015-12-19 22:41:16 83199 [ERROR] InnoDB: Unable to lock ./ibdata1, error: 35
2015-12-19 22:41:16 83199 [Note] InnoDB: Check that you do not already have another mysqld process using the same InnoDB data or log files.
2015-12-19 22:41:17 83199 [ERROR] InnoDB: Unable to lock ./ibdata1, error: 35
2015-12-19 22:41:17 83199 [Note] InnoDB: Check that you do not already have another mysqld process using the same InnoDB data or log files.
2015-12-19 22:41:18 83199 [ERROR] InnoDB: Unable to lock ./ibdata1, error: 35
2015-12-19 22:41:18 83199 [Note] InnoDB: Check that you do not already have another mysqld process using the same InnoDB data or log files.
2015-12-19 22:41:19 83199 [ERROR] InnoDB: Unable to lock ./ibdata1, error: 35
2015-12-19 22:41:19 83199 [Note] InnoDB: Check that you do not already have another mysqld process using the same InnoDB data or log files.
2015-12-19 22:41:20 83199 [ERROR] InnoDB: Unable to lock ./ibdata1, error: 35
2015-12-19 22:41:20 83199 [Note] InnoDB: Check that you do not already have another mysqld process using the same InnoDB data or log files.
2015-12-19 22:41:21 83199 [ERROR] InnoDB: Unable to lock ./ibdata1, error: 35
2015-12-19 22:41:21 83199 [Note] InnoDB: Check that you do not already have another mysqld process using the same InnoDB data or log files.
2015-12-19 22:41:22 83199 [ERROR] InnoDB: Unable to lock ./ibdata1, error: 35
2015-12-19 22:41:22 83199 [Note] InnoDB: Check that you do not already have another mysqld process using the same InnoDB data or log files.
2015-12-19 22:41:23 83199 [ERROR] InnoDB: Unable to lock ./ibdata1, error: 35
2015-12-19 22:41:23 83199 [Note] InnoDB: Check that you do not already have another mysqld process using the same InnoDB data or log files.
2015-12-19 22:41:24 83199 [ERROR] InnoDB: Unable to lock ./ibdata1, error: 35
2015-12-19 22:41:24 83199 [Note] InnoDB: Check that you do not already have another mysqld process using the same InnoDB data or log files.
2015-12-19 22:41:25 83199 [ERROR] InnoDB: Unable to lock ./ibdata1, error: 35
2015-12-19 22:41:25 83199 [Note] InnoDB: Check that you do not already have another mysqld process using the same InnoDB data or log files.
2015-12-19 22:41:26 83199 [ERROR] InnoDB: Unable to lock ./ibdata1, error: 35
2015-12-19 22:41:26 83199 [Note] InnoDB: Check that you do not already have another mysqld process using the same InnoDB data or log files.
2015-12-19 22:41:27 83199 [ERROR] InnoDB: Unable to lock ./ibdata1, error: 35
2015-12-19 22:41:27 83199 [Note] InnoDB: Check that you do not already have another mysqld process using the same InnoDB data or log files.
2015-12-19 22:41:28 83199 [ERROR] InnoDB: Unable to lock ./ibdata1, error: 35
2015-12-19 22:41:28 83199 [Note] InnoDB: Check that you do not already have another mysqld process using the same InnoDB data or log files.
2015-12-19 22:41:29 83199 [ERROR] InnoDB: Unable to lock ./ibdata1, error: 35
2015-12-19 22:41:29 83199 [Note] InnoDB: Check that you do not already have another mysqld process using the same InnoDB data or log files.
2015-12-19 22:41:30 83199 [ERROR] InnoDB: Unable to lock ./ibdata1, error: 35
2015-12-19 22:41:30 83199 [Note] InnoDB: Check that you do not already have another mysqld process using the same InnoDB data or log files.
2015-12-19 22:41:31 83199 [ERROR] InnoDB: Unable to lock ./ibdata1, error: 35
2015-12-19 22:41:31 83199 [Note] InnoDB: Check that you do not already have another mysqld process using the same InnoDB data or log files.
2015-12-19 22:41:32 83199 [ERROR] InnoDB: Unable to lock ./ibdata1, error: 35
2015-12-19 22:41:32 83199 [Note] InnoDB: Check that you do not already have another mysqld process using the same InnoDB data or log files.
2015-12-19 22:41:33 83199 [ERROR] InnoDB: Unable to lock ./ibdata1, error: 35
2015-12-19 22:41:33 83199 [Note] InnoDB: Check that you do not already have another mysqld process using the same InnoDB data or log files.
2015-12-19 22:41:34 83199 [ERROR] InnoDB: Unable to lock ./ibdata1, error: 35
2015-12-19 22:41:34 83199 [Note] InnoDB: Check that you do not already have another mysqld process using the same InnoDB data or log files.
2015-12-19 22:41:35 83199 [ERROR] InnoDB: Unable to lock ./ibdata1, error: 35
2015-12-19 22:41:35 83199 [Note] InnoDB: Check that you do not already have another mysqld process using the same InnoDB data or log files.
2015-12-19 22:41:36 83199 [ERROR] InnoDB: Unable to lock ./ibdata1, error: 35
2015-12-19 22:41:36 83199 [Note] InnoDB: Check that you do not already have another mysqld process using the same InnoDB data or log files.
2015-12-19 22:41:37 83199 [ERROR] InnoDB: Unable to lock ./ibdata1, error: 35
2015-12-19 22:41:37 83199 [Note] InnoDB: Check that you do not already have another mysqld process using the same InnoDB data or log files.
2015-12-19 22:41:38 83199 [ERROR] InnoDB: Unable to lock ./ibdata1, error: 35
2015-12-19 22:41:38 83199 [Note] InnoDB: Check that you do not already have another mysqld process using the same InnoDB data or log files.
2015-12-19 22:41:39 83199 [ERROR] InnoDB: Unable to lock ./ibdata1, error: 35
2015-12-19 22:41:39 83199 [Note] InnoDB: Check that you do not already have another mysqld process using the same InnoDB data or log files.
2015-12-19 22:41:40 83199 [ERROR] InnoDB: Unable to lock ./ibdata1, error: 35
2015-12-19 22:41:40 83199 [Note] InnoDB: Check that you do not already have another mysqld process using the same InnoDB data or log files.
2015-12-19 22:41:41 83199 [ERROR] InnoDB: Unable to lock ./ibdata1, error: 35
2015-12-19 22:41:41 83199 [Note] InnoDB: Check that you do not already have another mysqld process using the same InnoDB data or log files.
2015-12-19 22:41:42 83199 [ERROR] InnoDB: Unable to lock ./ibdata1, error: 35
2015-12-19 22:41:42 83199 [Note] InnoDB: Check that you do not already have another mysqld process using the same InnoDB data or log files.
2015-12-19 22:41:43 83199 [ERROR] InnoDB: Unable to lock ./ibdata1, error: 35
2015-12-19 22:41:43 83199 [Note] InnoDB: Check that you do not already have another mysqld process using the same InnoDB data or log files.
2015-12-19 22:41:44 83199 [ERROR] InnoDB: Unable to lock ./ibdata1, error: 35
2015-12-19 22:41:44 83199 [Note] InnoDB: Check that you do not already have another mysqld process using the same InnoDB data or log files.
151219 22:41:44 mysqld_safe mysqld from pid file /usr/local/var/mysql/localhost.pid ended
151219 22:42:51 mysqld_safe Starting mysqld daemon with databases from /usr/local/var/mysql
2015-12-19 22:42:52 0 [Warning] TIMESTAMP with implicit DEFAULT value is deprecated. Please use --explicit_defaults_for_timestamp server option (see documentation for more details).
2015-12-19 22:42:52 83438 [Warning] Setting lower_case_table_names=2 because file system for /usr/local/var/mysql/ is case insensitive
2015-12-19 22:42:52 83438 [Note] Plugin 'FEDERATED' is disabled.
2015-12-19 22:42:52 83438 [Note] InnoDB: Using atomics to ref count buffer pool pages
2015-12-19 22:42:52 83438 [Note] InnoDB: The InnoDB memory heap is disabled
2015-12-19 22:42:52 83438 [Note] InnoDB: Mutexes and rw_locks use GCC atomic builtins
2015-12-19 22:42:52 83438 [Note] InnoDB: Compressed tables use zlib 1.2.3
2015-12-19 22:42:52 83438 [Note] InnoDB: Using CPU crc32 instructions
2015-12-19 22:42:52 83438 [Note] InnoDB: Initializing buffer pool, size = 128.0M
2015-12-19 22:42:52 83438 [Note] InnoDB: Completed initialization of buffer pool
2015-12-19 22:42:52 83438 [Note] InnoDB: Highest supported file format is Barracuda.
2015-12-19 22:42:52 83438 [Note] InnoDB: The log sequence numbers 2025502 and 2025502 in ibdata files do not match the log sequence number 2075323 in the ib_logfiles!
2015-12-19 22:42:52 83438 [Note] InnoDB: Database was not shutdown normally!
2015-12-19 22:42:52 83438 [Note] InnoDB: Starting crash recovery.
2015-12-19 22:42:52 83438 [Note] InnoDB: Reading tablespace information from the .ibd files...
2015-12-19 22:42:52 83438 [Note] InnoDB: Restoring possible half-written data pages 
2015-12-19 22:42:52 83438 [Note] InnoDB: from the doublewrite buffer...
2015-12-19 22:42:52 83438 [Note] InnoDB: 128 rollback segment(s) are active.
2015-12-19 22:42:52 83438 [Note] InnoDB: Waiting for purge to start
2015-12-19 22:42:52 83438 [Note] InnoDB: 5.6.19 started; log sequence number 2075323
2015-12-19 22:42:52 83438 [Note] RSA private key file not found: /usr/local/var/mysql//private_key.pem. Some authentication plugins will not work.
2015-12-19 22:42:52 83438 [Note] RSA public key file not found: /usr/local/var/mysql//public_key.pem. Some authentication plugins will not work.
2015-12-19 22:42:52 83438 [Note] Server hostname (bind-address): '*'; port: 3306
2015-12-19 22:42:52 83438 [Note] IPv6 is available.
2015-12-19 22:42:52 83438 [Note]   - '::' resolves to '::';
2015-12-19 22:42:52 83438 [Note] Server socket created on IP: '::'.
2015-12-19 22:42:52 83438 [Note] Event Scheduler: Loaded 0 events
2015-12-19 22:42:52 83438 [Note] /usr/local/Cellar/mysql/5.6.19/bin/mysqld: ready for connections.
Version: '5.6.19'  socket: '/tmp/mysql.sock'  port: 3306  Homebrew
2015-12-19 23:15:13 83438 [Note] /usr/local/Cellar/mysql/5.6.19/bin/mysqld: Normal shutdown

2015-12-19 23:15:13 83438 [Note] Giving 0 client threads a chance to die gracefully
2015-12-19 23:15:13 83438 [Note] Event Scheduler: Purging the queue. 0 events
2015-12-19 23:15:13 83438 [Note] Shutting down slave threads
2015-12-19 23:15:13 83438 [Note] Forcefully disconnecting 0 remaining clients
2015-12-19 23:15:13 83438 [Note] Binlog end
2015-12-19 23:15:13 83438 [Note] Shutting down plugin 'partition'
2015-12-19 23:15:13 83438 [Note] Shutting down plugin 'PERFORMANCE_SCHEMA'
2015-12-19 23:15:13 83438 [Note] Shutting down plugin 'INNODB_SYS_DATAFILES'
2015-12-19 23:15:13 83438 [Note] Shutting down plugin 'INNODB_SYS_TABLESPACES'
2015-12-19 23:15:13 83438 [Note] Shutting down plugin 'INNODB_SYS_FOREIGN_COLS'
2015-12-19 23:15:13 83438 [Note] Shutting down plugin 'INNODB_SYS_FOREIGN'
2015-12-19 23:15:13 83438 [Note] Shutting down plugin 'INNODB_SYS_FIELDS'
2015-12-19 23:15:13 83438 [Note] Shutting down plugin 'INNODB_SYS_COLUMNS'
2015-12-19 23:15:13 83438 [Note] Shutting down plugin 'INNODB_SYS_INDEXES'
2015-12-19 23:15:13 83438 [Note] Shutting down plugin 'INNODB_SYS_TABLESTATS'
2015-12-19 23:15:13 83438 [Note] Shutting down plugin 'INNODB_SYS_TABLES'
2015-12-19 23:15:13 83438 [Note] Shutting down plugin 'INNODB_FT_INDEX_TABLE'
2015-12-19 23:15:13 83438 [Note] Shutting down plugin 'INNODB_FT_INDEX_CACHE'
2015-12-19 23:15:13 83438 [Note] Shutting down plugin 'INNODB_FT_CONFIG'
2015-12-19 23:15:13 83438 [Note] Shutting down plugin 'INNODB_FT_BEING_DELETED'
2015-12-19 23:15:13 83438 [Note] Shutting down plugin 'INNODB_FT_DELETED'
2015-12-19 23:15:13 83438 [Note] Shutting down plugin 'INNODB_FT_DEFAULT_STOPWORD'
2015-12-19 23:15:13 83438 [Note] Shutting down plugin 'INNODB_METRICS'
2015-12-19 23:15:13 83438 [Note] Shutting down plugin 'INNODB_BUFFER_POOL_STATS'
2015-12-19 23:15:13 83438 [Note] Shutting down plugin 'INNODB_BUFFER_PAGE_LRU'
2015-12-19 23:15:13 83438 [Note] Shutting down plugin 'INNODB_BUFFER_PAGE'
2015-12-19 23:15:13 83438 [Note] Shutting down plugin 'INNODB_CMP_PER_INDEX_RESET'
2015-12-19 23:15:13 83438 [Note] Shutting down plugin 'INNODB_CMP_PER_INDEX'
2015-12-19 23:15:13 83438 [Note] Shutting down plugin 'INNODB_CMPMEM_RESET'
2015-12-19 23:15:13 83438 [Note] Shutting down plugin 'INNODB_CMPMEM'
2015-12-19 23:15:13 83438 [Note] Shutting down plugin 'INNODB_CMP_RESET'
2015-12-19 23:15:13 83438 [Note] Shutting down plugin 'INNODB_CMP'
2015-12-19 23:15:13 83438 [Note] Shutting down plugin 'INNODB_LOCK_WAITS'
2015-12-19 23:15:13 83438 [Note] Shutting down plugin 'INNODB_LOCKS'
2015-12-19 23:15:13 83438 [Note] Shutting down plugin 'INNODB_TRX'
2015-12-19 23:15:13 83438 [Note] Shutting down plugin 'InnoDB'
2015-12-19 23:15:13 83438 [Note] InnoDB: FTS optimize thread exiting.
2015-12-19 23:15:13 83438 [Note] InnoDB: Starting shutdown...
2015-12-19 23:15:15 83438 [Note] InnoDB: Shutdown completed; log sequence number 2075333
2015-12-19 23:15:15 83438 [Note] Shutting down plugin 'BLACKHOLE'
2015-12-19 23:15:15 83438 [Note] Shutting down plugin 'ARCHIVE'
2015-12-19 23:15:15 83438 [Note] Shutting down plugin 'MRG_MYISAM'
2015-12-19 23:15:15 83438 [Note] Shutting down plugin 'MyISAM'
2015-12-19 23:15:15 83438 [Note] Shutting down plugin 'MEMORY'
2015-12-19 23:15:15 83438 [Note] Shutting down plugin 'CSV'
2015-12-19 23:15:15 83438 [Note] Shutting down plugin 'sha256_password'
2015-12-19 23:15:15 83438 [Note] Shutting down plugin 'mysql_old_password'
2015-12-19 23:15:15 83438 [Note] Shutting down plugin 'mysql_native_password'
2015-12-19 23:15:15 83438 [Note] Shutting down plugin 'binlog'
2015-12-19 23:15:15 83438 [Note] /usr/local/Cellar/mysql/5.6.19/bin/mysqld: Shutdown complete

151219 23:15:15 mysqld_safe mysqld from pid file /usr/local/var/mysql/localhost.pid ended
151219 23:15:16 mysqld_safe Starting mysqld daemon with databases from /usr/local/var/mysql
2015-12-19 23:15:16 0 [Warning] TIMESTAMP with implicit DEFAULT value is deprecated. Please use --explicit_defaults_for_timestamp server option (see documentation for more details).
2015-12-19 23:15:16 83818 [Warning] Setting lower_case_table_names=2 because file system for /usr/local/var/mysql/ is case insensitive
2015-12-19 23:15:16 83818 [Note] Plugin 'FEDERATED' is disabled.
2015-12-19 23:15:16 83818 [Note] InnoDB: Using atomics to ref count buffer pool pages
2015-12-19 23:15:16 83818 [Note] InnoDB: The InnoDB memory heap is disabled
2015-12-19 23:15:16 83818 [Note] InnoDB: Mutexes and rw_locks use GCC atomic builtins
2015-12-19 23:15:16 83818 [Note] InnoDB: Compressed tables use zlib 1.2.3
2015-12-19 23:15:16 83818 [Note] InnoDB: Using CPU crc32 instructions
2015-12-19 23:15:16 83818 [Note] InnoDB: Initializing buffer pool, size = 128.0M
2015-12-19 23:15:16 83818 [Note] InnoDB: Completed initialization of buffer pool
2015-12-19 23:15:16 83818 [Note] InnoDB: Highest supported file format is Barracuda.
2015-12-19 23:15:16 83818 [Note] InnoDB: 128 rollback segment(s) are active.
2015-12-19 23:15:16 83818 [Note] InnoDB: Waiting for purge to start
2015-12-19 23:15:16 83818 [Note] InnoDB: 5.6.19 started; log sequence number 2075333
2015-12-19 23:15:16 83818 [Note] RSA private key file not found: /usr/local/var/mysql//private_key.pem. Some authentication plugins will not work.
2015-12-19 23:15:16 83818 [Note] RSA public key file not found: /usr/local/var/mysql//public_key.pem. Some authentication plugins will not work.
2015-12-19 23:15:16 83818 [Note] Server hostname (bind-address): '*'; port: 3306
2015-12-19 23:15:16 83818 [Note] IPv6 is available.
2015-12-19 23:15:16 83818 [Note]   - '::' resolves to '::';
2015-12-19 23:15:16 83818 [Note] Server socket created on IP: '::'.
2015-12-19 23:15:16 83818 [Note] Event Scheduler: Loaded 0 events
2015-12-19 23:15:16 83818 [Note] /usr/local/Cellar/mysql/5.6.19/bin/mysqld: ready for connections.
Version: '5.6.19'  socket: '/tmp/mysql.sock'  port: 3306  Homebrew
2016-03-07 19:54:23 83818 [Note] /usr/local/Cellar/mysql/5.6.19/bin/mysqld: Normal shutdown

2016-03-07 19:54:23 83818 [Note] Giving 0 client threads a chance to die gracefully
2016-03-07 19:54:23 83818 [Note] Event Scheduler: Purging the queue. 0 events
2016-03-07 19:54:23 83818 [Note] Shutting down slave threads
2016-03-07 19:54:23 83818 [Note] Forcefully disconnecting 0 remaining clients
2016-03-07 19:54:23 83818 [Note] Binlog end
2016-03-07 19:54:23 83818 [Note] Shutting down plugin 'partition'
2016-03-07 19:54:23 83818 [Note] Shutting down plugin 'PERFORMANCE_SCHEMA'
2016-03-07 19:54:23 83818 [Note] Shutting down plugin 'INNODB_SYS_DATAFILES'
2016-03-07 19:54:23 83818 [Note] Shutting down plugin 'INNODB_SYS_TABLESPACES'
2016-03-07 19:54:23 83818 [Note] Shutting down plugin 'INNODB_SYS_FOREIGN_COLS'
2016-03-07 19:54:23 83818 [Note] Shutting down plugin 'INNODB_SYS_FOREIGN'
2016-03-07 19:54:23 83818 [Note] Shutting down plugin 'INNODB_SYS_FIELDS'
2016-03-07 19:54:23 83818 [Note] Shutting down plugin 'INNODB_SYS_COLUMNS'
2016-03-07 19:54:23 83818 [Note] Shutting down plugin 'INNODB_SYS_INDEXES'
2016-03-07 19:54:23 83818 [Note] Shutting down plugin 'INNODB_SYS_TABLESTATS'
2016-03-07 19:54:23 83818 [Note] Shutting down plugin 'INNODB_SYS_TABLES'
2016-03-07 19:54:23 83818 [Note] Shutting down plugin 'INNODB_FT_INDEX_TABLE'
2016-03-07 19:54:23 83818 [Note] Shutting down plugin 'INNODB_FT_INDEX_CACHE'
2016-03-07 19:54:23 83818 [Note] Shutting down plugin 'INNODB_FT_CONFIG'
2016-03-07 19:54:23 83818 [Note] Shutting down plugin 'INNODB_FT_BEING_DELETED'
2016-03-07 19:54:23 83818 [Note] Shutting down plugin 'INNODB_FT_DELETED'
2016-03-07 19:54:23 83818 [Note] Shutting down plugin 'INNODB_FT_DEFAULT_STOPWORD'
2016-03-07 19:54:23 83818 [Note] Shutting down plugin 'INNODB_METRICS'
2016-03-07 19:54:23 83818 [Note] Shutting down plugin 'INNODB_BUFFER_POOL_STATS'
2016-03-07 19:54:23 83818 [Note] Shutting down plugin 'INNODB_BUFFER_PAGE_LRU'
2016-03-07 19:54:23 83818 [Note] Shutting down plugin 'INNODB_BUFFER_PAGE'
2016-03-07 19:54:23 83818 [Note] Shutting down plugin 'INNODB_CMP_PER_INDEX_RESET'
2016-03-07 19:54:23 83818 [Note] Shutting down plugin 'INNODB_CMP_PER_INDEX'
2016-03-07 19:54:23 83818 [Note] Shutting down plugin 'INNODB_CMPMEM_RESET'
2016-03-07 19:54:23 83818 [Note] Shutting down plugin 'INNODB_CMPMEM'
2016-03-07 19:54:23 83818 [Note] Shutting down plugin 'INNODB_CMP_RESET'
2016-03-07 19:54:23 83818 [Note] Shutting down plugin 'INNODB_CMP'
2016-03-07 19:54:23 83818 [Note] Shutting down plugin 'INNODB_LOCK_WAITS'
2016-03-07 19:54:23 83818 [Note] Shutting down plugin 'INNODB_LOCKS'
2016-03-07 19:54:23 83818 [Note] Shutting down plugin 'INNODB_TRX'
2016-03-07 19:54:23 83818 [Note] Shutting down plugin 'InnoDB'
2016-03-07 19:54:23 83818 [Note] InnoDB: FTS optimize thread exiting.
2016-03-07 19:54:23 83818 [Note] InnoDB: Starting shutdown...
2016-03-07 19:54:24 83818 [Note] InnoDB: Shutdown completed; log sequence number 2121618
2016-03-07 19:54:24 83818 [Note] Shutting down plugin 'BLACKHOLE'
2016-03-07 19:54:24 83818 [Note] Shutting down plugin 'ARCHIVE'
2016-03-07 19:54:24 83818 [Note] Shutting down plugin 'MRG_MYISAM'
2016-03-07 19:54:24 83818 [Note] Shutting down plugin 'MyISAM'
2016-03-07 19:54:24 83818 [Note] Shutting down plugin 'MEMORY'
2016-03-07 19:54:24 83818 [Note] Shutting down plugin 'CSV'
2016-03-07 19:54:24 83818 [Note] Shutting down plugin 'sha256_password'
2016-03-07 19:54:24 83818 [Note] Shutting down plugin 'mysql_old_password'
2016-03-07 19:54:24 83818 [Note] Shutting down plugin 'mysql_native_password'
2016-03-07 19:54:24 83818 [Note] Shutting down plugin 'binlog'
2016-03-07 19:54:24 83818 [Note] /usr/local/Cellar/mysql/5.6.19/bin/mysqld: Shutdown complete

