171020 23:28:59 mysqld_safe Starting mysqld daemon with databases from /usr/local/var/mysql
2017-10-20 23:29:00 0 [Warning] TIMESTAMP with implicit DEFAULT value is deprecated. Please use --explicit_defaults_for_timestamp server option (see documentation for more details).
2017-10-20 23:29:00 5958 [Warning] Setting lower_case_table_names=2 because file system for /usr/local/var/mysql/ is case insensitive
2017-10-20 23:29:00 5958 [Note] Plugin 'FEDERATED' is disabled.
2017-10-20 23:29:00 5958 [Note] InnoDB: Using atomics to ref count buffer pool pages
2017-10-20 23:29:00 5958 [Note] InnoDB: The InnoDB memory heap is disabled
2017-10-20 23:29:00 5958 [Note] InnoDB: Mutexes and rw_locks use GCC atomic builtins
2017-10-20 23:29:00 5958 [Note] InnoDB: Compressed tables use zlib 1.2.3
2017-10-20 23:29:00 5958 [Note] InnoDB: Using CPU crc32 instructions
2017-10-20 23:29:00 5958 [Note] InnoDB: Initializing buffer pool, size = 128.0M
2017-10-20 23:29:00 5958 [Note] InnoDB: Completed initialization of buffer pool
2017-10-20 23:29:00 5958 [ERROR] InnoDB: Unable to lock ./ibdata1, error: 35
2017-10-20 23:29:00 5958 [Note] InnoDB: Check that you do not already have another mysqld process using the same InnoDB data or log files.
2017-10-20 23:29:00 5958 [Note] InnoDB: Retrying to lock the first data file
2017-10-20 23:29:01 5958 [ERROR] InnoDB: Unable to lock ./ibdata1, error: 35
2017-10-20 23:29:01 5958 [Note] InnoDB: Check that you do not already have another mysqld process using the same InnoDB data or log files.
2017-10-20 23:29:02 5958 [ERROR] InnoDB: Unable to lock ./ibdata1, error: 35
2017-10-20 23:29:02 5958 [Note] InnoDB: Check that you do not already have another mysqld process using the same InnoDB data or log files.
2017-10-20 23:29:03 5958 [ERROR] InnoDB: Unable to lock ./ibdata1, error: 35
2017-10-20 23:29:03 5958 [Note] InnoDB: Check that you do not already have another mysqld process using the same InnoDB data or log files.
2017-10-20 23:29:04 5958 [ERROR] InnoDB: Unable to lock ./ibdata1, error: 35
2017-10-20 23:29:04 5958 [Note] InnoDB: Check that you do not already have another mysqld process using the same InnoDB data or log files.
2017-10-20 23:29:05 5958 [ERROR] InnoDB: Unable to lock ./ibdata1, error: 35
2017-10-20 23:29:05 5958 [Note] InnoDB: Check that you do not already have another mysqld process using the same InnoDB data or log files.
2017-10-20 23:29:06 5958 [ERROR] InnoDB: Unable to lock ./ibdata1, error: 35
2017-10-20 23:29:06 5958 [Note] InnoDB: Check that you do not already have another mysqld process using the same InnoDB data or log files.
2017-10-20 23:29:07 5958 [ERROR] InnoDB: Unable to lock ./ibdata1, error: 35
2017-10-20 23:29:07 5958 [Note] InnoDB: Check that you do not already have another mysqld process using the same InnoDB data or log files.
2017-10-20 23:29:08 5958 [ERROR] InnoDB: Unable to lock ./ibdata1, error: 35
2017-10-20 23:29:08 5958 [Note] InnoDB: Check that you do not already have another mysqld process using the same InnoDB data or log files.
2017-10-20 23:29:09 5958 [ERROR] InnoDB: Unable to lock ./ibdata1, error: 35
2017-10-20 23:29:09 5958 [Note] InnoDB: Check that you do not already have another mysqld process using the same InnoDB data or log files.
2017-10-20 23:29:10 5958 [ERROR] InnoDB: Unable to lock ./ibdata1, error: 35
2017-10-20 23:29:10 5958 [Note] InnoDB: Check that you do not already have another mysqld process using the same InnoDB data or log files.
2017-10-20 23:29:11 5958 [ERROR] InnoDB: Unable to lock ./ibdata1, error: 35
2017-10-20 23:29:11 5958 [Note] InnoDB: Check that you do not already have another mysqld process using the same InnoDB data or log files.
2017-10-20 23:29:12 5958 [ERROR] InnoDB: Unable to lock ./ibdata1, error: 35
2017-10-20 23:29:12 5958 [Note] InnoDB: Check that you do not already have another mysqld process using the same InnoDB data or log files.
2017-10-20 23:29:13 5958 [ERROR] InnoDB: Unable to lock ./ibdata1, error: 35
2017-10-20 23:29:13 5958 [Note] InnoDB: Check that you do not already have another mysqld process using the same InnoDB data or log files.
2017-10-20 23:29:14 5958 [ERROR] InnoDB: Unable to lock ./ibdata1, error: 35
2017-10-20 23:29:14 5958 [Note] InnoDB: Check that you do not already have another mysqld process using the same InnoDB data or log files.
2017-10-20 23:29:15 5958 [ERROR] InnoDB: Unable to lock ./ibdata1, error: 35
2017-10-20 23:29:15 5958 [Note] InnoDB: Check that you do not already have another mysqld process using the same InnoDB data or log files.
2017-10-20 23:29:16 5958 [ERROR] InnoDB: Unable to lock ./ibdata1, error: 35
2017-10-20 23:29:16 5958 [Note] InnoDB: Check that you do not already have another mysqld process using the same InnoDB data or log files.
2017-10-20 23:29:17 5958 [ERROR] InnoDB: Unable to lock ./ibdata1, error: 35
2017-10-20 23:29:17 5958 [Note] InnoDB: Check that you do not already have another mysqld process using the same InnoDB data or log files.
2017-10-20 23:29:18 5958 [ERROR] InnoDB: Unable to lock ./ibdata1, error: 35
2017-10-20 23:29:18 5958 [Note] InnoDB: Check that you do not already have another mysqld process using the same InnoDB data or log files.
2017-10-20 23:29:19 5958 [ERROR] InnoDB: Unable to lock ./ibdata1, error: 35
2017-10-20 23:29:19 5958 [Note] InnoDB: Check that you do not already have another mysqld process using the same InnoDB data or log files.
2017-10-20 23:29:20 5958 [ERROR] InnoDB: Unable to lock ./ibdata1, error: 35
2017-10-20 23:29:20 5958 [Note] InnoDB: Check that you do not already have another mysqld process using the same InnoDB data or log files.
2017-10-20 23:29:21 5958 [ERROR] InnoDB: Unable to lock ./ibdata1, error: 35
2017-10-20 23:29:21 5958 [Note] InnoDB: Check that you do not already have another mysqld process using the same InnoDB data or log files.
2017-10-20 23:29:22 5958 [ERROR] InnoDB: Unable to lock ./ibdata1, error: 35
2017-10-20 23:29:22 5958 [Note] InnoDB: Check that you do not already have another mysqld process using the same InnoDB data or log files.
2017-10-20 23:29:23 5958 [ERROR] InnoDB: Unable to lock ./ibdata1, error: 35
2017-10-20 23:29:23 5958 [Note] InnoDB: Check that you do not already have another mysqld process using the same InnoDB data or log files.
2017-10-20 23:29:24 5958 [ERROR] InnoDB: Unable to lock ./ibdata1, error: 35
2017-10-20 23:29:24 5958 [Note] InnoDB: Check that you do not already have another mysqld process using the same InnoDB data or log files.
2017-10-20 23:29:25 5958 [ERROR] InnoDB: Unable to lock ./ibdata1, error: 35
2017-10-20 23:29:25 5958 [Note] InnoDB: Check that you do not already have another mysqld process using the same InnoDB data or log files.
2017-10-20 23:29:26 5958 [ERROR] InnoDB: Unable to lock ./ibdata1, error: 35
2017-10-20 23:29:26 5958 [Note] InnoDB: Check that you do not already have another mysqld process using the same InnoDB data or log files.
2017-10-20 23:29:27 5958 [ERROR] InnoDB: Unable to lock ./ibdata1, error: 35
2017-10-20 23:29:27 5958 [Note] InnoDB: Check that you do not already have another mysqld process using the same InnoDB data or log files.
2017-10-20 23:29:28 5958 [ERROR] InnoDB: Unable to lock ./ibdata1, error: 35
2017-10-20 23:29:28 5958 [Note] InnoDB: Check that you do not already have another mysqld process using the same InnoDB data or log files.
2017-10-20 23:29:29 5958 [ERROR] InnoDB: Unable to lock ./ibdata1, error: 35
2017-10-20 23:29:29 5958 [Note] InnoDB: Check that you do not already have another mysqld process using the same InnoDB data or log files.
2017-10-20 23:29:30 5958 [ERROR] InnoDB: Unable to lock ./ibdata1, error: 35
2017-10-20 23:29:30 5958 [Note] InnoDB: Check that you do not already have another mysqld process using the same InnoDB data or log files.
2017-10-20 23:29:31 5958 [ERROR] InnoDB: Unable to lock ./ibdata1, error: 35
2017-10-20 23:29:31 5958 [Note] InnoDB: Check that you do not already have another mysqld process using the same InnoDB data or log files.
2017-10-20 23:29:32 5958 [ERROR] InnoDB: Unable to lock ./ibdata1, error: 35
2017-10-20 23:29:32 5958 [Note] InnoDB: Check that you do not already have another mysqld process using the same InnoDB data or log files.
2017-10-20 23:29:33 5958 [ERROR] InnoDB: Unable to lock ./ibdata1, error: 35
2017-10-20 23:29:33 5958 [Note] InnoDB: Check that you do not already have another mysqld process using the same InnoDB data or log files.
2017-10-20 23:29:34 5958 [ERROR] InnoDB: Unable to lock ./ibdata1, error: 35
2017-10-20 23:29:34 5958 [Note] InnoDB: Check that you do not already have another mysqld process using the same InnoDB data or log files.
2017-10-20 23:29:35 5958 [ERROR] InnoDB: Unable to lock ./ibdata1, error: 35
2017-10-20 23:29:35 5958 [Note] InnoDB: Check that you do not already have another mysqld process using the same InnoDB data or log files.
2017-10-20 23:29:36 5958 [ERROR] InnoDB: Unable to lock ./ibdata1, error: 35
2017-10-20 23:29:36 5958 [Note] InnoDB: Check that you do not already have another mysqld process using the same InnoDB data or log files.
2017-10-20 23:29:37 5958 [ERROR] InnoDB: Unable to lock ./ibdata1, error: 35
2017-10-20 23:29:37 5958 [Note] InnoDB: Check that you do not already have another mysqld process using the same InnoDB data or log files.
2017-10-20 23:29:38 5958 [ERROR] InnoDB: Unable to lock ./ibdata1, error: 35
2017-10-20 23:29:38 5958 [Note] InnoDB: Check that you do not already have another mysqld process using the same InnoDB data or log files.
2017-10-20 23:29:39 5958 [ERROR] InnoDB: Unable to lock ./ibdata1, error: 35
2017-10-20 23:29:39 5958 [Note] InnoDB: Check that you do not already have another mysqld process using the same InnoDB data or log files.
2017-10-20 23:29:40 5958 [ERROR] InnoDB: Unable to lock ./ibdata1, error: 35
2017-10-20 23:29:40 5958 [Note] InnoDB: Check that you do not already have another mysqld process using the same InnoDB data or log files.
2017-10-20 23:29:41 5958 [ERROR] InnoDB: Unable to lock ./ibdata1, error: 35
2017-10-20 23:29:41 5958 [Note] InnoDB: Check that you do not already have another mysqld process using the same InnoDB data or log files.
2017-10-20 23:29:42 5958 [ERROR] InnoDB: Unable to lock ./ibdata1, error: 35
2017-10-20 23:29:42 5958 [Note] InnoDB: Check that you do not already have another mysqld process using the same InnoDB data or log files.
2017-10-20 23:29:43 5958 [ERROR] InnoDB: Unable to lock ./ibdata1, error: 35
2017-10-20 23:29:43 5958 [Note] InnoDB: Check that you do not already have another mysqld process using the same InnoDB data or log files.
2017-10-20 23:29:44 5958 [ERROR] InnoDB: Unable to lock ./ibdata1, error: 35
2017-10-20 23:29:44 5958 [Note] InnoDB: Check that you do not already have another mysqld process using the same InnoDB data or log files.
2017-10-20 23:29:45 5958 [ERROR] InnoDB: Unable to lock ./ibdata1, error: 35
2017-10-20 23:29:45 5958 [Note] InnoDB: Check that you do not already have another mysqld process using the same InnoDB data or log files.
2017-10-20 23:29:46 5958 [ERROR] InnoDB: Unable to lock ./ibdata1, error: 35
2017-10-20 23:29:46 5958 [Note] InnoDB: Check that you do not already have another mysqld process using the same InnoDB data or log files.
2017-10-20 23:29:47 5958 [ERROR] InnoDB: Unable to lock ./ibdata1, error: 35
2017-10-20 23:29:47 5958 [Note] InnoDB: Check that you do not already have another mysqld process using the same InnoDB data or log files.
2017-10-20 23:29:48 5958 [ERROR] InnoDB: Unable to lock ./ibdata1, error: 35
2017-10-20 23:29:48 5958 [Note] InnoDB: Check that you do not already have another mysqld process using the same InnoDB data or log files.
2017-10-20 23:29:49 5958 [ERROR] InnoDB: Unable to lock ./ibdata1, error: 35
2017-10-20 23:29:49 5958 [Note] InnoDB: Check that you do not already have another mysqld process using the same InnoDB data or log files.
2017-10-20 23:29:50 5958 [ERROR] InnoDB: Unable to lock ./ibdata1, error: 35
2017-10-20 23:29:50 5958 [Note] InnoDB: Check that you do not already have another mysqld process using the same InnoDB data or log files.
2017-10-20 23:29:51 5958 [ERROR] InnoDB: Unable to lock ./ibdata1, error: 35
2017-10-20 23:29:51 5958 [Note] InnoDB: Check that you do not already have another mysqld process using the same InnoDB data or log files.
2017-10-20 23:29:52 5958 [ERROR] InnoDB: Unable to lock ./ibdata1, error: 35
2017-10-20 23:29:52 5958 [Note] InnoDB: Check that you do not already have another mysqld process using the same InnoDB data or log files.
2017-10-20 23:29:53 5958 [ERROR] InnoDB: Unable to lock ./ibdata1, error: 35
2017-10-20 23:29:53 5958 [Note] InnoDB: Check that you do not already have another mysqld process using the same InnoDB data or log files.
2017-10-20 23:29:54 5958 [ERROR] InnoDB: Unable to lock ./ibdata1, error: 35
2017-10-20 23:29:54 5958 [Note] InnoDB: Check that you do not already have another mysqld process using the same InnoDB data or log files.
2017-10-20 23:29:55 5958 [ERROR] InnoDB: Unable to lock ./ibdata1, error: 35
2017-10-20 23:29:55 5958 [Note] InnoDB: Check that you do not already have another mysqld process using the same InnoDB data or log files.
2017-10-20 23:29:56 5958 [ERROR] InnoDB: Unable to lock ./ibdata1, error: 35
2017-10-20 23:29:56 5958 [Note] InnoDB: Check that you do not already have another mysqld process using the same InnoDB data or log files.
2017-10-20 23:29:57 5958 [ERROR] InnoDB: Unable to lock ./ibdata1, error: 35
2017-10-20 23:29:57 5958 [Note] InnoDB: Check that you do not already have another mysqld process using the same InnoDB data or log files.
2017-10-20 23:29:58 5958 [ERROR] InnoDB: Unable to lock ./ibdata1, error: 35
2017-10-20 23:29:58 5958 [Note] InnoDB: Check that you do not already have another mysqld process using the same InnoDB data or log files.
171020 23:29:58 mysqld_safe Starting mysqld daemon with databases from /usr/local/var/mysql
2017-10-20 23:29:59 0 [Warning] TIMESTAMP with implicit DEFAULT value is deprecated. Please use --explicit_defaults_for_timestamp server option (see documentation for more details).
2017-10-20 23:29:59 6060 [Warning] Setting lower_case_table_names=2 because file system for /usr/local/var/mysql/ is case insensitive
2017-10-20 23:29:59 6060 [Note] Plugin 'FEDERATED' is disabled.
2017-10-20 23:29:59 6060 [Note] InnoDB: Using atomics to ref count buffer pool pages
2017-10-20 23:29:59 6060 [Note] InnoDB: The InnoDB memory heap is disabled
2017-10-20 23:29:59 6060 [Note] InnoDB: Mutexes and rw_locks use GCC atomic builtins
2017-10-20 23:29:59 6060 [Note] InnoDB: Compressed tables use zlib 1.2.3
2017-10-20 23:29:59 6060 [Note] InnoDB: Using CPU crc32 instructions
2017-10-20 23:29:59 6060 [Note] InnoDB: Initializing buffer pool, size = 128.0M
2017-10-20 23:29:59 6060 [Note] InnoDB: Completed initialization of buffer pool
2017-10-20 23:29:59 6060 [ERROR] InnoDB: Unable to lock ./ibdata1, error: 35
2017-10-20 23:29:59 6060 [Note] InnoDB: Check that you do not already have another mysqld process using the same InnoDB data or log files.
2017-10-20 23:29:59 6060 [Note] InnoDB: Retrying to lock the first data file
2017-10-20 23:29:59 5958 [ERROR] InnoDB: Unable to lock ./ibdata1, error: 35
2017-10-20 23:29:59 5958 [Note] InnoDB: Check that you do not already have another mysqld process using the same InnoDB data or log files.
2017-10-20 23:30:00 6060 [ERROR] InnoDB: Unable to lock ./ibdata1, error: 35
2017-10-20 23:30:00 6060 [Note] InnoDB: Check that you do not already have another mysqld process using the same InnoDB data or log files.
2017-10-20 23:30:00 5958 [ERROR] InnoDB: Unable to lock ./ibdata1, error: 35
2017-10-20 23:30:00 5958 [Note] InnoDB: Check that you do not already have another mysqld process using the same InnoDB data or log files.
2017-10-20 23:30:01 6060 [ERROR] InnoDB: Unable to lock ./ibdata1, error: 35
2017-10-20 23:30:01 6060 [Note] InnoDB: Check that you do not already have another mysqld process using the same InnoDB data or log files.
2017-10-20 23:30:01 5958 [ERROR] InnoDB: Unable to lock ./ibdata1, error: 35
2017-10-20 23:30:01 5958 [Note] InnoDB: Check that you do not already have another mysqld process using the same InnoDB data or log files.
2017-10-20 23:30:02 6060 [ERROR] InnoDB: Unable to lock ./ibdata1, error: 35
2017-10-20 23:30:02 6060 [Note] InnoDB: Check that you do not already have another mysqld process using the same InnoDB data or log files.
2017-10-20 23:30:02 5958 [ERROR] InnoDB: Unable to lock ./ibdata1, error: 35
2017-10-20 23:30:02 5958 [Note] InnoDB: Check that you do not already have another mysqld process using the same InnoDB data or log files.
2017-10-20 23:30:03 6060 [ERROR] InnoDB: Unable to lock ./ibdata1, error: 35
2017-10-20 23:30:03 6060 [Note] InnoDB: Check that you do not already have another mysqld process using the same InnoDB data or log files.
2017-10-20 23:30:03 5958 [ERROR] InnoDB: Unable to lock ./ibdata1, error: 35
2017-10-20 23:30:03 5958 [Note] InnoDB: Check that you do not already have another mysqld process using the same InnoDB data or log files.
2017-10-20 23:30:04 6060 [ERROR] InnoDB: Unable to lock ./ibdata1, error: 35
2017-10-20 23:30:04 6060 [Note] InnoDB: Check that you do not already have another mysqld process using the same InnoDB data or log files.
2017-10-20 23:30:04 5958 [ERROR] InnoDB: Unable to lock ./ibdata1, error: 35
2017-10-20 23:30:04 5958 [Note] InnoDB: Check that you do not already have another mysqld process using the same InnoDB data or log files.
2017-10-20 23:30:05 6060 [ERROR] InnoDB: Unable to lock ./ibdata1, error: 35
2017-10-20 23:30:05 6060 [Note] InnoDB: Check that you do not already have another mysqld process using the same InnoDB data or log files.
2017-10-20 23:30:05 5958 [ERROR] InnoDB: Unable to lock ./ibdata1, error: 35
2017-10-20 23:30:05 5958 [Note] InnoDB: Check that you do not already have another mysqld process using the same InnoDB data or log files.
2017-10-20 23:30:06 6060 [ERROR] InnoDB: Unable to lock ./ibdata1, error: 35
2017-10-20 23:30:06 6060 [Note] InnoDB: Check that you do not already have another mysqld process using the same InnoDB data or log files.
2017-10-20 23:30:06 5958 [ERROR] InnoDB: Unable to lock ./ibdata1, error: 35
2017-10-20 23:30:06 5958 [Note] InnoDB: Check that you do not already have another mysqld process using the same InnoDB data or log files.
2017-10-20 23:30:07 6060 [ERROR] InnoDB: Unable to lock ./ibdata1, error: 35
2017-10-20 23:30:07 6060 [Note] InnoDB: Check that you do not already have another mysqld process using the same InnoDB data or log files.
2017-10-20 23:30:07 5958 [ERROR] InnoDB: Unable to lock ./ibdata1, error: 35
2017-10-20 23:30:07 5958 [Note] InnoDB: Check that you do not already have another mysqld process using the same InnoDB data or log files.
2017-10-20 23:30:08 6060 [ERROR] InnoDB: Unable to lock ./ibdata1, error: 35
2017-10-20 23:30:08 6060 [Note] InnoDB: Check that you do not already have another mysqld process using the same InnoDB data or log files.
2017-10-20 23:30:08 5958 [ERROR] InnoDB: Unable to lock ./ibdata1, error: 35
2017-10-20 23:30:08 5958 [Note] InnoDB: Check that you do not already have another mysqld process using the same InnoDB data or log files.
2017-10-20 23:30:09 6060 [ERROR] InnoDB: Unable to lock ./ibdata1, error: 35
2017-10-20 23:30:09 6060 [Note] InnoDB: Check that you do not already have another mysqld process using the same InnoDB data or log files.
2017-10-20 23:30:09 5958 [ERROR] InnoDB: Unable to lock ./ibdata1, error: 35
2017-10-20 23:30:09 5958 [Note] InnoDB: Check that you do not already have another mysqld process using the same InnoDB data or log files.
2017-10-20 23:30:10 6060 [ERROR] InnoDB: Unable to lock ./ibdata1, error: 35
2017-10-20 23:30:10 6060 [Note] InnoDB: Check that you do not already have another mysqld process using the same InnoDB data or log files.
2017-10-20 23:30:10 5958 [ERROR] InnoDB: Unable to lock ./ibdata1, error: 35
2017-10-20 23:30:10 5958 [Note] InnoDB: Check that you do not already have another mysqld process using the same InnoDB data or log files.
2017-10-20 23:30:11 6060 [ERROR] InnoDB: Unable to lock ./ibdata1, error: 35
2017-10-20 23:30:11 6060 [Note] InnoDB: Check that you do not already have another mysqld process using the same InnoDB data or log files.
2017-10-20 23:30:11 5958 [ERROR] InnoDB: Unable to lock ./ibdata1, error: 35
2017-10-20 23:30:11 5958 [Note] InnoDB: Check that you do not already have another mysqld process using the same InnoDB data or log files.
2017-10-20 23:30:12 6060 [ERROR] InnoDB: Unable to lock ./ibdata1, error: 35
2017-10-20 23:30:12 6060 [Note] InnoDB: Check that you do not already have another mysqld process using the same InnoDB data or log files.
2017-10-20 23:30:12 5958 [ERROR] InnoDB: Unable to lock ./ibdata1, error: 35
2017-10-20 23:30:12 5958 [Note] InnoDB: Check that you do not already have another mysqld process using the same InnoDB data or log files.
2017-10-20 23:30:13 6060 [ERROR] InnoDB: Unable to lock ./ibdata1, error: 35
2017-10-20 23:30:13 6060 [Note] InnoDB: Check that you do not already have another mysqld process using the same InnoDB data or log files.
2017-10-20 23:30:13 5958 [ERROR] InnoDB: Unable to lock ./ibdata1, error: 35
2017-10-20 23:30:13 5958 [Note] InnoDB: Check that you do not already have another mysqld process using the same InnoDB data or log files.
2017-10-20 23:30:14 6060 [ERROR] InnoDB: Unable to lock ./ibdata1, error: 35
2017-10-20 23:30:14 6060 [Note] InnoDB: Check that you do not already have another mysqld process using the same InnoDB data or log files.
2017-10-20 23:30:14 5958 [ERROR] InnoDB: Unable to lock ./ibdata1, error: 35
2017-10-20 23:30:14 5958 [Note] InnoDB: Check that you do not already have another mysqld process using the same InnoDB data or log files.
2017-10-20 23:30:15 6060 [ERROR] InnoDB: Unable to lock ./ibdata1, error: 35
2017-10-20 23:30:15 6060 [Note] InnoDB: Check that you do not already have another mysqld process using the same InnoDB data or log files.
2017-10-20 23:30:15 5958 [ERROR] InnoDB: Unable to lock ./ibdata1, error: 35
2017-10-20 23:30:15 5958 [Note] InnoDB: Check that you do not already have another mysqld process using the same InnoDB data or log files.
2017-10-20 23:30:16 6060 [ERROR] InnoDB: Unable to lock ./ibdata1, error: 35
2017-10-20 23:30:16 6060 [Note] InnoDB: Check that you do not already have another mysqld process using the same InnoDB data or log files.
2017-10-20 23:30:16 5958 [ERROR] InnoDB: Unable to lock ./ibdata1, error: 35
2017-10-20 23:30:16 5958 [Note] InnoDB: Check that you do not already have another mysqld process using the same InnoDB data or log files.
2017-10-20 23:30:17 6060 [ERROR] InnoDB: Unable to lock ./ibdata1, error: 35
2017-10-20 23:30:17 6060 [Note] InnoDB: Check that you do not already have another mysqld process using the same InnoDB data or log files.
2017-10-20 23:30:17 5958 [ERROR] InnoDB: Unable to lock ./ibdata1, error: 35
2017-10-20 23:30:17 5958 [Note] InnoDB: Check that you do not already have another mysqld process using the same InnoDB data or log files.
2017-10-20 23:30:18 6060 [ERROR] InnoDB: Unable to lock ./ibdata1, error: 35
2017-10-20 23:30:18 6060 [Note] InnoDB: Check that you do not already have another mysqld process using the same InnoDB data or log files.
2017-10-20 23:30:18 5958 [ERROR] InnoDB: Unable to lock ./ibdata1, error: 35
2017-10-20 23:30:18 5958 [Note] InnoDB: Check that you do not already have another mysqld process using the same InnoDB data or log files.
2017-10-20 23:30:19 6060 [ERROR] InnoDB: Unable to lock ./ibdata1, error: 35
2017-10-20 23:30:19 6060 [Note] InnoDB: Check that you do not already have another mysqld process using the same InnoDB data or log files.
2017-10-20 23:30:19 5958 [ERROR] InnoDB: Unable to lock ./ibdata1, error: 35
2017-10-20 23:30:19 5958 [Note] InnoDB: Check that you do not already have another mysqld process using the same InnoDB data or log files.
2017-10-20 23:30:20 6060 [ERROR] InnoDB: Unable to lock ./ibdata1, error: 35
2017-10-20 23:30:20 6060 [Note] InnoDB: Check that you do not already have another mysqld process using the same InnoDB data or log files.
2017-10-20 23:30:20 5958 [ERROR] InnoDB: Unable to lock ./ibdata1, error: 35
2017-10-20 23:30:20 5958 [Note] InnoDB: Check that you do not already have another mysqld process using the same InnoDB data or log files.
2017-10-20 23:30:21 6060 [ERROR] InnoDB: Unable to lock ./ibdata1, error: 35
2017-10-20 23:30:21 6060 [Note] InnoDB: Check that you do not already have another mysqld process using the same InnoDB data or log files.
2017-10-20 23:30:21 5958 [ERROR] InnoDB: Unable to lock ./ibdata1, error: 35
2017-10-20 23:30:21 5958 [Note] InnoDB: Check that you do not already have another mysqld process using the same InnoDB data or log files.
2017-10-20 23:30:22 6060 [ERROR] InnoDB: Unable to lock ./ibdata1, error: 35
2017-10-20 23:30:22 6060 [Note] InnoDB: Check that you do not already have another mysqld process using the same InnoDB data or log files.
2017-10-20 23:30:22 5958 [ERROR] InnoDB: Unable to lock ./ibdata1, error: 35
2017-10-20 23:30:22 5958 [Note] InnoDB: Check that you do not already have another mysqld process using the same InnoDB data or log files.
2017-10-20 23:30:23 6060 [ERROR] InnoDB: Unable to lock ./ibdata1, error: 35
2017-10-20 23:30:23 6060 [Note] InnoDB: Check that you do not already have another mysqld process using the same InnoDB data or log files.
2017-10-20 23:30:23 5958 [ERROR] InnoDB: Unable to lock ./ibdata1, error: 35
2017-10-20 23:30:23 5958 [Note] InnoDB: Check that you do not already have another mysqld process using the same InnoDB data or log files.
2017-10-20 23:30:24 6060 [ERROR] InnoDB: Unable to lock ./ibdata1, error: 35
2017-10-20 23:30:24 6060 [Note] InnoDB: Check that you do not already have another mysqld process using the same InnoDB data or log files.
2017-10-20 23:30:24 5958 [ERROR] InnoDB: Unable to lock ./ibdata1, error: 35
2017-10-20 23:30:24 5958 [Note] InnoDB: Check that you do not already have another mysqld process using the same InnoDB data or log files.
2017-10-20 23:30:25 6060 [ERROR] InnoDB: Unable to lock ./ibdata1, error: 35
2017-10-20 23:30:25 6060 [Note] InnoDB: Check that you do not already have another mysqld process using the same InnoDB data or log files.
2017-10-20 23:30:25 5958 [ERROR] InnoDB: Unable to lock ./ibdata1, error: 35
2017-10-20 23:30:25 5958 [Note] InnoDB: Check that you do not already have another mysqld process using the same InnoDB data or log files.
2017-10-20 23:30:26 6060 [ERROR] InnoDB: Unable to lock ./ibdata1, error: 35
2017-10-20 23:30:26 6060 [Note] InnoDB: Check that you do not already have another mysqld process using the same InnoDB data or log files.
2017-10-20 23:30:26 5958 [ERROR] InnoDB: Unable to lock ./ibdata1, error: 35
2017-10-20 23:30:26 5958 [Note] InnoDB: Check that you do not already have another mysqld process using the same InnoDB data or log files.
2017-10-20 23:30:27 6060 [ERROR] InnoDB: Unable to lock ./ibdata1, error: 35
2017-10-20 23:30:27 6060 [Note] InnoDB: Check that you do not already have another mysqld process using the same InnoDB data or log files.
2017-10-20 23:30:27 5958 [ERROR] InnoDB: Unable to lock ./ibdata1, error: 35
2017-10-20 23:30:27 5958 [Note] InnoDB: Check that you do not already have another mysqld process using the same InnoDB data or log files.
2017-10-20 23:30:28 6060 [ERROR] InnoDB: Unable to lock ./ibdata1, error: 35
2017-10-20 23:30:28 6060 [Note] InnoDB: Check that you do not already have another mysqld process using the same InnoDB data or log files.
2017-10-20 23:30:28 5958 [ERROR] InnoDB: Unable to lock ./ibdata1, error: 35
2017-10-20 23:30:28 5958 [Note] InnoDB: Check that you do not already have another mysqld process using the same InnoDB data or log files.
2017-10-20 23:30:29 6060 [ERROR] InnoDB: Unable to lock ./ibdata1, error: 35
2017-10-20 23:30:29 6060 [Note] InnoDB: Check that you do not already have another mysqld process using the same InnoDB data or log files.
2017-10-20 23:30:29 5958 [ERROR] InnoDB: Unable to lock ./ibdata1, error: 35
2017-10-20 23:30:29 5958 [Note] InnoDB: Check that you do not already have another mysqld process using the same InnoDB data or log files.
2017-10-20 23:30:30 6060 [ERROR] InnoDB: Unable to lock ./ibdata1, error: 35
2017-10-20 23:30:30 6060 [Note] InnoDB: Check that you do not already have another mysqld process using the same InnoDB data or log files.
2017-10-20 23:30:30 5958 [ERROR] InnoDB: Unable to lock ./ibdata1, error: 35
2017-10-20 23:30:30 5958 [Note] InnoDB: Check that you do not already have another mysqld process using the same InnoDB data or log files.
2017-10-20 23:30:31 6060 [ERROR] InnoDB: Unable to lock ./ibdata1, error: 35
2017-10-20 23:30:31 6060 [Note] InnoDB: Check that you do not already have another mysqld process using the same InnoDB data or log files.
2017-10-20 23:30:31 5958 [ERROR] InnoDB: Unable to lock ./ibdata1, error: 35
2017-10-20 23:30:31 5958 [Note] InnoDB: Check that you do not already have another mysqld process using the same InnoDB data or log files.
2017-10-20 23:30:32 6060 [ERROR] InnoDB: Unable to lock ./ibdata1, error: 35
2017-10-20 23:30:32 6060 [Note] InnoDB: Check that you do not already have another mysqld process using the same InnoDB data or log files.
2017-10-20 23:30:32 5958 [ERROR] InnoDB: Unable to lock ./ibdata1, error: 35
2017-10-20 23:30:32 5958 [Note] InnoDB: Check that you do not already have another mysqld process using the same InnoDB data or log files.
2017-10-20 23:30:33 6060 [ERROR] InnoDB: Unable to lock ./ibdata1, error: 35
2017-10-20 23:30:33 6060 [Note] InnoDB: Check that you do not already have another mysqld process using the same InnoDB data or log files.
2017-10-20 23:30:33 5958 [ERROR] InnoDB: Unable to lock ./ibdata1, error: 35
2017-10-20 23:30:33 5958 [Note] InnoDB: Check that you do not already have another mysqld process using the same InnoDB data or log files.
2017-10-20 23:30:34 6060 [ERROR] InnoDB: Unable to lock ./ibdata1, error: 35
2017-10-20 23:30:34 6060 [Note] InnoDB: Check that you do not already have another mysqld process using the same InnoDB data or log files.
2017-10-20 23:30:34 5958 [ERROR] InnoDB: Unable to lock ./ibdata1, error: 35
2017-10-20 23:30:34 5958 [Note] InnoDB: Check that you do not already have another mysqld process using the same InnoDB data or log files.
2017-10-20 23:30:35 6060 [ERROR] InnoDB: Unable to lock ./ibdata1, error: 35
2017-10-20 23:30:35 6060 [Note] InnoDB: Check that you do not already have another mysqld process using the same InnoDB data or log files.
2017-10-20 23:30:35 5958 [ERROR] InnoDB: Unable to lock ./ibdata1, error: 35
2017-10-20 23:30:35 5958 [Note] InnoDB: Check that you do not already have another mysqld process using the same InnoDB data or log files.
2017-10-20 23:30:36 6060 [ERROR] InnoDB: Unable to lock ./ibdata1, error: 35
2017-10-20 23:30:36 6060 [Note] InnoDB: Check that you do not already have another mysqld process using the same InnoDB data or log files.
2017-10-20 23:30:36 5958 [ERROR] InnoDB: Unable to lock ./ibdata1, error: 35
2017-10-20 23:30:36 5958 [Note] InnoDB: Check that you do not already have another mysqld process using the same InnoDB data or log files.
2017-10-20 23:30:37 6060 [ERROR] InnoDB: Unable to lock ./ibdata1, error: 35
2017-10-20 23:30:37 6060 [Note] InnoDB: Check that you do not already have another mysqld process using the same InnoDB data or log files.
2017-10-20 23:30:37 5958 [ERROR] InnoDB: Unable to lock ./ibdata1, error: 35
2017-10-20 23:30:37 5958 [Note] InnoDB: Check that you do not already have another mysqld process using the same InnoDB data or log files.
2017-10-20 23:30:38 6060 [ERROR] InnoDB: Unable to lock ./ibdata1, error: 35
2017-10-20 23:30:38 6060 [Note] InnoDB: Check that you do not already have another mysqld process using the same InnoDB data or log files.
2017-10-20 23:30:38 5958 [ERROR] InnoDB: Unable to lock ./ibdata1, error: 35
2017-10-20 23:30:38 5958 [Note] InnoDB: Check that you do not already have another mysqld process using the same InnoDB data or log files.
2017-10-20 23:30:39 6060 [ERROR] InnoDB: Unable to lock ./ibdata1, error: 35
2017-10-20 23:30:39 6060 [Note] InnoDB: Check that you do not already have another mysqld process using the same InnoDB data or log files.
2017-10-20 23:30:39 5958 [ERROR] InnoDB: Unable to lock ./ibdata1, error: 35
2017-10-20 23:30:39 5958 [Note] InnoDB: Check that you do not already have another mysqld process using the same InnoDB data or log files.
2017-10-20 23:30:40 6060 [ERROR] InnoDB: Unable to lock ./ibdata1, error: 35
2017-10-20 23:30:40 6060 [Note] InnoDB: Check that you do not already have another mysqld process using the same InnoDB data or log files.
2017-10-20 23:30:40 5958 [ERROR] InnoDB: Unable to lock ./ibdata1, error: 35
2017-10-20 23:30:40 5958 [Note] InnoDB: Check that you do not already have another mysqld process using the same InnoDB data or log files.
2017-10-20 23:30:40 5958 [Note] InnoDB: Unable to open the first data file
2017-10-20 23:30:40 7fff7413c000  InnoDB: Operating system error number 35 in a file operation.
InnoDB: Error number 35 means 'Resource temporarily unavailable'.
InnoDB: Some operating system error numbers are described at
InnoDB: http://dev.mysql.com/doc/refman/5.6/en/operating-system-error-codes.html
2017-10-20 23:30:40 5958 [ERROR] InnoDB: Can't open './ibdata1'
2017-10-20 23:30:40 5958 [ERROR] InnoDB: Could not open or create the system tablespace. If you tried to add new data files to the system tablespace, and it failed here, you should now edit innodb_data_file_path in my.cnf back to what it was, and remove the new ibdata files InnoDB created in this failed attempt. InnoDB only wrote those files full of zeros, but did not yet use them in any way. But be careful: do not remove old data files which contain your precious data!
2017-10-20 23:30:40 5958 [ERROR] Plugin 'InnoDB' init function returned error.
2017-10-20 23:30:40 5958 [ERROR] Plugin 'InnoDB' registration as a STORAGE ENGINE failed.
2017-10-20 23:30:40 5958 [ERROR] Unknown/unsupported storage engine: InnoDB
2017-10-20 23:30:40 5958 [ERROR] Aborting

2017-10-20 23:30:40 5958 [Note] Binlog end
2017-10-20 23:30:40 5958 [Note] Shutting down plugin 'partition'
2017-10-20 23:30:40 5958 [Note] Shutting down plugin 'PERFORMANCE_SCHEMA'
2017-10-20 23:30:40 5958 [Note] Shutting down plugin 'INNODB_SYS_DATAFILES'
2017-10-20 23:30:40 5958 [Note] Shutting down plugin 'INNODB_SYS_TABLESPACES'
2017-10-20 23:30:40 5958 [Note] Shutting down plugin 'INNODB_SYS_FOREIGN_COLS'
2017-10-20 23:30:40 5958 [Note] Shutting down plugin 'INNODB_SYS_FOREIGN'
2017-10-20 23:30:40 5958 [Note] Shutting down plugin 'INNODB_SYS_FIELDS'
2017-10-20 23:30:40 5958 [Note] Shutting down plugin 'INNODB_SYS_COLUMNS'
2017-10-20 23:30:40 5958 [Note] Shutting down plugin 'INNODB_SYS_INDEXES'
2017-10-20 23:30:40 5958 [Note] Shutting down plugin 'INNODB_SYS_TABLESTATS'
2017-10-20 23:30:40 5958 [Note] Shutting down plugin 'INNODB_SYS_TABLES'
2017-10-20 23:30:40 5958 [Note] Shutting down plugin 'INNODB_FT_INDEX_TABLE'
2017-10-20 23:30:40 5958 [Note] Shutting down plugin 'INNODB_FT_INDEX_CACHE'
2017-10-20 23:30:40 5958 [Note] Shutting down plugin 'INNODB_FT_CONFIG'
2017-10-20 23:30:40 5958 [Note] Shutting down plugin 'INNODB_FT_BEING_DELETED'
2017-10-20 23:30:40 5958 [Note] Shutting down plugin 'INNODB_FT_DELETED'
2017-10-20 23:30:40 5958 [Note] Shutting down plugin 'INNODB_FT_DEFAULT_STOPWORD'
2017-10-20 23:30:40 5958 [Note] Shutting down plugin 'INNODB_METRICS'
2017-10-20 23:30:40 5958 [Note] Shutting down plugin 'INNODB_BUFFER_POOL_STATS'
2017-10-20 23:30:40 5958 [Note] Shutting down plugin 'INNODB_BUFFER_PAGE_LRU'
2017-10-20 23:30:40 5958 [Note] Shutting down plugin 'INNODB_BUFFER_PAGE'
2017-10-20 23:30:40 5958 [Note] Shutting down plugin 'INNODB_CMP_PER_INDEX_RESET'
2017-10-20 23:30:40 5958 [Note] Shutting down plugin 'INNODB_CMP_PER_INDEX'
2017-10-20 23:30:40 5958 [Note] Shutting down plugin 'INNODB_CMPMEM_RESET'
2017-10-20 23:30:40 5958 [Note] Shutting down plugin 'INNODB_CMPMEM'
2017-10-20 23:30:40 5958 [Note] Shutting down plugin 'INNODB_CMP_RESET'
2017-10-20 23:30:40 5958 [Note] Shutting down plugin 'INNODB_CMP'
2017-10-20 23:30:40 5958 [Note] Shutting down plugin 'INNODB_LOCK_WAITS'
2017-10-20 23:30:40 5958 [Note] Shutting down plugin 'INNODB_LOCKS'
2017-10-20 23:30:40 5958 [Note] Shutting down plugin 'INNODB_TRX'
2017-10-20 23:30:40 5958 [Note] Shutting down plugin 'BLACKHOLE'
2017-10-20 23:30:40 5958 [Note] Shutting down plugin 'ARCHIVE'
2017-10-20 23:30:40 5958 [Note] Shutting down plugin 'MRG_MYISAM'
2017-10-20 23:30:40 5958 [Note] Shutting down plugin 'MyISAM'
2017-10-20 23:30:40 5958 [Note] Shutting down plugin 'MEMORY'
2017-10-20 23:30:40 5958 [Note] Shutting down plugin 'CSV'
2017-10-20 23:30:40 5958 [Note] Shutting down plugin 'sha256_password'
2017-10-20 23:30:40 5958 [Note] Shutting down plugin 'mysql_old_password'
2017-10-20 23:30:40 5958 [Note] Shutting down plugin 'mysql_native_password'
2017-10-20 23:30:40 5958 [Note] Shutting down plugin 'binlog'
2017-10-20 23:30:40 5958 [Note] /usr/local/Cellar/mysql/5.6.19/bin/mysqld: Shutdown complete

171020 23:30:40 mysqld_safe mysqld from pid file /usr/local/var/mysql/192.168.1.105.pid ended
2017-10-20 23:30:41 6060 [ERROR] InnoDB: Unable to lock ./ibdata1, error: 35
2017-10-20 23:30:41 6060 [Note] InnoDB: Check that you do not already have another mysqld process using the same InnoDB data or log files.
2017-10-20 23:30:42 6060 [ERROR] InnoDB: Unable to lock ./ibdata1, error: 35
2017-10-20 23:30:42 6060 [Note] InnoDB: Check that you do not already have another mysqld process using the same InnoDB data or log files.
171020 23:30:42 mysqld_safe mysqld from pid file /usr/local/var/mysql/192.168.1.105.pid ended
171020 23:31:19 mysqld_safe Starting mysqld daemon with databases from /usr/local/var/mysql
2017-10-20 23:31:19 0 [Warning] TIMESTAMP with implicit DEFAULT value is deprecated. Please use --explicit_defaults_for_timestamp server option (see documentation for more details).
2017-10-20 23:31:19 6203 [Warning] Setting lower_case_table_names=2 because file system for /usr/local/var/mysql/ is case insensitive
2017-10-20 23:31:19 6203 [Note] Plugin 'FEDERATED' is disabled.
2017-10-20 23:31:19 6203 [Note] InnoDB: Using atomics to ref count buffer pool pages
2017-10-20 23:31:19 6203 [Note] InnoDB: The InnoDB memory heap is disabled
2017-10-20 23:31:19 6203 [Note] InnoDB: Mutexes and rw_locks use GCC atomic builtins
2017-10-20 23:31:19 6203 [Note] InnoDB: Compressed tables use zlib 1.2.3
2017-10-20 23:31:19 6203 [Note] InnoDB: Using CPU crc32 instructions
2017-10-20 23:31:19 6203 [Note] InnoDB: Initializing buffer pool, size = 128.0M
2017-10-20 23:31:19 6203 [Note] InnoDB: Completed initialization of buffer pool
2017-10-20 23:31:19 6203 [Note] InnoDB: Highest supported file format is Barracuda.
2017-10-20 23:31:19 6203 [Note] InnoDB: The log sequence numbers 2121638 and 2121638 in ibdata files do not match the log sequence number 2121648 in the ib_logfiles!
2017-10-20 23:31:19 6203 [Note] InnoDB: Database was not shutdown normally!
2017-10-20 23:31:19 6203 [Note] InnoDB: Starting crash recovery.
2017-10-20 23:31:19 6203 [Note] InnoDB: Reading tablespace information from the .ibd files...
2017-10-20 23:31:19 6203 [Note] InnoDB: Restoring possible half-written data pages 
2017-10-20 23:31:19 6203 [Note] InnoDB: from the doublewrite buffer...
2017-10-20 23:31:19 6203 [Note] InnoDB: 128 rollback segment(s) are active.
2017-10-20 23:31:19 6203 [Note] InnoDB: Waiting for purge to start
2017-10-20 23:31:19 6203 [Note] InnoDB: 5.6.19 started; log sequence number 2121648
2017-10-20 23:31:19 6203 [Note] RSA private key file not found: /usr/local/var/mysql//private_key.pem. Some authentication plugins will not work.
2017-10-20 23:31:19 6203 [Note] RSA public key file not found: /usr/local/var/mysql//public_key.pem. Some authentication plugins will not work.
2017-10-20 23:31:19 6203 [Note] Server hostname (bind-address): '*'; port: 3306
2017-10-20 23:31:19 6203 [Note] IPv6 is available.
2017-10-20 23:31:19 6203 [Note]   - '::' resolves to '::';
2017-10-20 23:31:19 6203 [Note] Server socket created on IP: '::'.
2017-10-20 23:31:20 6203 [Note] Event Scheduler: Loaded 0 events
2017-10-20 23:31:20 6203 [Note] /usr/local/Cellar/mysql/5.6.19/bin/mysqld: ready for connections.
Version: '5.6.19'  socket: '/tmp/mysql.sock'  port: 3306  Homebrew
2017-10-20 23:34:00 6203 [Note] /usr/local/Cellar/mysql/5.6.19/bin/mysqld: Normal shutdown

2017-10-20 23:34:00 6203 [Note] Giving 0 client threads a chance to die gracefully
2017-10-20 23:34:00 6203 [Note] Event Scheduler: Purging the queue. 0 events
2017-10-20 23:34:00 6203 [Note] Shutting down slave threads
2017-10-20 23:34:00 6203 [Note] Forcefully disconnecting 0 remaining clients
2017-10-20 23:34:00 6203 [Note] Binlog end
2017-10-20 23:34:00 6203 [Note] Shutting down plugin 'partition'
2017-10-20 23:34:00 6203 [Note] Shutting down plugin 'PERFORMANCE_SCHEMA'
2017-10-20 23:34:00 6203 [Note] Shutting down plugin 'INNODB_SYS_DATAFILES'
2017-10-20 23:34:00 6203 [Note] Shutting down plugin 'INNODB_SYS_TABLESPACES'
2017-10-20 23:34:00 6203 [Note] Shutting down plugin 'INNODB_SYS_FOREIGN_COLS'
2017-10-20 23:34:00 6203 [Note] Shutting down plugin 'INNODB_SYS_FOREIGN'
2017-10-20 23:34:00 6203 [Note] Shutting down plugin 'INNODB_SYS_FIELDS'
2017-10-20 23:34:00 6203 [Note] Shutting down plugin 'INNODB_SYS_COLUMNS'
2017-10-20 23:34:00 6203 [Note] Shutting down plugin 'INNODB_SYS_INDEXES'
2017-10-20 23:34:00 6203 [Note] Shutting down plugin 'INNODB_SYS_TABLESTATS'
2017-10-20 23:34:00 6203 [Note] Shutting down plugin 'INNODB_SYS_TABLES'
2017-10-20 23:34:00 6203 [Note] Shutting down plugin 'INNODB_FT_INDEX_TABLE'
2017-10-20 23:34:00 6203 [Note] Shutting down plugin 'INNODB_FT_INDEX_CACHE'
2017-10-20 23:34:00 6203 [Note] Shutting down plugin 'INNODB_FT_CONFIG'
2017-10-20 23:34:00 6203 [Note] Shutting down plugin 'INNODB_FT_BEING_DELETED'
2017-10-20 23:34:00 6203 [Note] Shutting down plugin 'INNODB_FT_DELETED'
2017-10-20 23:34:00 6203 [Note] Shutting down plugin 'INNODB_FT_DEFAULT_STOPWORD'
2017-10-20 23:34:00 6203 [Note] Shutting down plugin 'INNODB_METRICS'
2017-10-20 23:34:00 6203 [Note] Shutting down plugin 'INNODB_BUFFER_POOL_STATS'
2017-10-20 23:34:00 6203 [Note] Shutting down plugin 'INNODB_BUFFER_PAGE_LRU'
2017-10-20 23:34:00 6203 [Note] Shutting down plugin 'INNODB_BUFFER_PAGE'
2017-10-20 23:34:00 6203 [Note] Shutting down plugin 'INNODB_CMP_PER_INDEX_RESET'
2017-10-20 23:34:00 6203 [Note] Shutting down plugin 'INNODB_CMP_PER_INDEX'
2017-10-20 23:34:00 6203 [Note] Shutting down plugin 'INNODB_CMPMEM_RESET'
2017-10-20 23:34:00 6203 [Note] Shutting down plugin 'INNODB_CMPMEM'
2017-10-20 23:34:00 6203 [Note] Shutting down plugin 'INNODB_CMP_RESET'
2017-10-20 23:34:00 6203 [Note] Shutting down plugin 'INNODB_CMP'
2017-10-20 23:34:00 6203 [Note] Shutting down plugin 'INNODB_LOCK_WAITS'
2017-10-20 23:34:00 6203 [Note] Shutting down plugin 'INNODB_LOCKS'
2017-10-20 23:34:00 6203 [Note] Shutting down plugin 'INNODB_TRX'
2017-10-20 23:34:00 6203 [Note] Shutting down plugin 'InnoDB'
2017-10-20 23:34:00 6203 [Note] InnoDB: FTS optimize thread exiting.
2017-10-20 23:34:00 6203 [Note] InnoDB: Starting shutdown...
2017-10-20 23:34:01 6203 [Note] InnoDB: Shutdown completed; log sequence number 2121658
2017-10-20 23:34:01 6203 [Note] Shutting down plugin 'BLACKHOLE'
2017-10-20 23:34:01 6203 [Note] Shutting down plugin 'ARCHIVE'
2017-10-20 23:34:01 6203 [Note] Shutting down plugin 'MRG_MYISAM'
2017-10-20 23:34:01 6203 [Note] Shutting down plugin 'MyISAM'
2017-10-20 23:34:01 6203 [Note] Shutting down plugin 'MEMORY'
2017-10-20 23:34:01 6203 [Note] Shutting down plugin 'CSV'
2017-10-20 23:34:01 6203 [Note] Shutting down plugin 'sha256_password'
2017-10-20 23:34:01 6203 [Note] Shutting down plugin 'mysql_old_password'
2017-10-20 23:34:01 6203 [Note] Shutting down plugin 'mysql_native_password'
2017-10-20 23:34:01 6203 [Note] Shutting down plugin 'binlog'
2017-10-20 23:34:01 6203 [Note] /usr/local/Cellar/mysql/5.6.19/bin/mysqld: Shutdown complete

171020 23:34:01 mysqld_safe mysqld from pid file /usr/local/var/mysql/192.168.1.105.pid ended
