151219 10:00:57 mysqld_safe Starting mysqld daemon with databases from /usr/local/var/mysql
2015-12-19 10:00:57 0 [Warning] TIMESTAMP with implicit DEFAULT value is deprecated. Please use --explicit_defaults_for_timestamp server option (see documentation for more details).
2015-12-19 10:00:57 3780 [Warning] Setting lower_case_table_names=2 because file system for /usr/local/var/mysql/ is case insensitive
2015-12-19 10:00:57 3780 [Note] Plugin 'FEDERATED' is disabled.
2015-12-19 10:00:57 3780 [Note] InnoDB: Using atomics to ref count buffer pool pages
2015-12-19 10:00:57 3780 [Note] InnoDB: The InnoDB memory heap is disabled
2015-12-19 10:00:57 3780 [Note] InnoDB: Mutexes and rw_locks use GCC atomic builtins
2015-12-19 10:00:57 3780 [Note] InnoDB: Compressed tables use zlib 1.2.3
2015-12-19 10:00:57 3780 [Note] InnoDB: Using CPU crc32 instructions
2015-12-19 10:00:57 3780 [Note] InnoDB: Initializing buffer pool, size = 128.0M
2015-12-19 10:00:57 3780 [Note] InnoDB: Completed initialization of buffer pool
2015-12-19 10:00:57 3780 [ERROR] InnoDB: Unable to lock ./ibdata1, error: 35
2015-12-19 10:00:57 3780 [Note] InnoDB: Check that you do not already have another mysqld process using the same InnoDB data or log files.
2015-12-19 10:00:57 3780 [Note] InnoDB: Retrying to lock the first data file
2015-12-19 10:00:58 3780 [ERROR] InnoDB: Unable to lock ./ibdata1, error: 35
2015-12-19 10:00:58 3780 [Note] InnoDB: Check that you do not already have another mysqld process using the same InnoDB data or log files.
2015-12-19 10:00:59 3780 [ERROR] InnoDB: Unable to lock ./ibdata1, error: 35
2015-12-19 10:00:59 3780 [Note] InnoDB: Check that you do not already have another mysqld process using the same InnoDB data or log files.
2015-12-19 10:01:00 3780 [ERROR] InnoDB: Unable to lock ./ibdata1, error: 35
2015-12-19 10:01:00 3780 [Note] InnoDB: Check that you do not already have another mysqld process using the same InnoDB data or log files.
2015-12-19 10:01:01 3780 [ERROR] InnoDB: Unable to lock ./ibdata1, error: 35
2015-12-19 10:01:01 3780 [Note] InnoDB: Check that you do not already have another mysqld process using the same InnoDB data or log files.
2015-12-19 10:01:02 3780 [ERROR] InnoDB: Unable to lock ./ibdata1, error: 35
2015-12-19 10:01:02 3780 [Note] InnoDB: Check that you do not already have another mysqld process using the same InnoDB data or log files.
2015-12-19 10:01:03 3780 [ERROR] InnoDB: Unable to lock ./ibdata1, error: 35
2015-12-19 10:01:03 3780 [Note] InnoDB: Check that you do not already have another mysqld process using the same InnoDB data or log files.
2015-12-19 10:01:04 3780 [ERROR] InnoDB: Unable to lock ./ibdata1, error: 35
2015-12-19 10:01:04 3780 [Note] InnoDB: Check that you do not already have another mysqld process using the same InnoDB data or log files.
2015-12-19 10:01:05 3780 [ERROR] InnoDB: Unable to lock ./ibdata1, error: 35
2015-12-19 10:01:05 3780 [Note] InnoDB: Check that you do not already have another mysqld process using the same InnoDB data or log files.
2015-12-19 10:01:06 3780 [ERROR] InnoDB: Unable to lock ./ibdata1, error: 35
2015-12-19 10:01:06 3780 [Note] InnoDB: Check that you do not already have another mysqld process using the same InnoDB data or log files.
2015-12-19 10:01:07 3780 [ERROR] InnoDB: Unable to lock ./ibdata1, error: 35
2015-12-19 10:01:07 3780 [Note] InnoDB: Check that you do not already have another mysqld process using the same InnoDB data or log files.
2015-12-19 10:01:08 3780 [ERROR] InnoDB: Unable to lock ./ibdata1, error: 35
2015-12-19 10:01:08 3780 [Note] InnoDB: Check that you do not already have another mysqld process using the same InnoDB data or log files.
2015-12-19 10:01:09 3780 [ERROR] InnoDB: Unable to lock ./ibdata1, error: 35
2015-12-19 10:01:09 3780 [Note] InnoDB: Check that you do not already have another mysqld process using the same InnoDB data or log files.
2015-12-19 10:01:10 3780 [ERROR] InnoDB: Unable to lock ./ibdata1, error: 35
2015-12-19 10:01:10 3780 [Note] InnoDB: Check that you do not already have another mysqld process using the same InnoDB data or log files.
2015-12-19 10:01:11 3780 [ERROR] InnoDB: Unable to lock ./ibdata1, error: 35
2015-12-19 10:01:11 3780 [Note] InnoDB: Check that you do not already have another mysqld process using the same InnoDB data or log files.
2015-12-19 10:01:12 3780 [ERROR] InnoDB: Unable to lock ./ibdata1, error: 35
2015-12-19 10:01:12 3780 [Note] InnoDB: Check that you do not already have another mysqld process using the same InnoDB data or log files.
2015-12-19 10:01:13 3780 [ERROR] InnoDB: Unable to lock ./ibdata1, error: 35
2015-12-19 10:01:13 3780 [Note] InnoDB: Check that you do not already have another mysqld process using the same InnoDB data or log files.
2015-12-19 10:01:14 3780 [ERROR] InnoDB: Unable to lock ./ibdata1, error: 35
2015-12-19 10:01:14 3780 [Note] InnoDB: Check that you do not already have another mysqld process using the same InnoDB data or log files.
2015-12-19 10:01:15 3780 [ERROR] InnoDB: Unable to lock ./ibdata1, error: 35
2015-12-19 10:01:15 3780 [Note] InnoDB: Check that you do not already have another mysqld process using the same InnoDB data or log files.
2015-12-19 10:01:16 3780 [ERROR] InnoDB: Unable to lock ./ibdata1, error: 35
2015-12-19 10:01:16 3780 [Note] InnoDB: Check that you do not already have another mysqld process using the same InnoDB data or log files.
2015-12-19 10:01:17 3780 [ERROR] InnoDB: Unable to lock ./ibdata1, error: 35
2015-12-19 10:01:17 3780 [Note] InnoDB: Check that you do not already have another mysqld process using the same InnoDB data or log files.
2015-12-19 10:01:18 3780 [ERROR] InnoDB: Unable to lock ./ibdata1, error: 35
2015-12-19 10:01:18 3780 [Note] InnoDB: Check that you do not already have another mysqld process using the same InnoDB data or log files.
2015-12-19 10:01:19 3780 [ERROR] InnoDB: Unable to lock ./ibdata1, error: 35
2015-12-19 10:01:19 3780 [Note] InnoDB: Check that you do not already have another mysqld process using the same InnoDB data or log files.
2015-12-19 10:01:20 3780 [ERROR] InnoDB: Unable to lock ./ibdata1, error: 35
2015-12-19 10:01:20 3780 [Note] InnoDB: Check that you do not already have another mysqld process using the same InnoDB data or log files.
2015-12-19 10:01:21 3780 [ERROR] InnoDB: Unable to lock ./ibdata1, error: 35
2015-12-19 10:01:21 3780 [Note] InnoDB: Check that you do not already have another mysqld process using the same InnoDB data or log files.
2015-12-19 10:01:22 3780 [ERROR] InnoDB: Unable to lock ./ibdata1, error: 35
2015-12-19 10:01:22 3780 [Note] InnoDB: Check that you do not already have another mysqld process using the same InnoDB data or log files.
2015-12-19 10:01:23 3780 [ERROR] InnoDB: Unable to lock ./ibdata1, error: 35
2015-12-19 10:01:23 3780 [Note] InnoDB: Check that you do not already have another mysqld process using the same InnoDB data or log files.
2015-12-19 10:01:24 3780 [ERROR] InnoDB: Unable to lock ./ibdata1, error: 35
2015-12-19 10:01:24 3780 [Note] InnoDB: Check that you do not already have another mysqld process using the same InnoDB data or log files.
2015-12-19 10:01:25 3780 [ERROR] InnoDB: Unable to lock ./ibdata1, error: 35
2015-12-19 10:01:25 3780 [Note] InnoDB: Check that you do not already have another mysqld process using the same InnoDB data or log files.
2015-12-19 10:01:26 3780 [ERROR] InnoDB: Unable to lock ./ibdata1, error: 35
2015-12-19 10:01:26 3780 [Note] InnoDB: Check that you do not already have another mysqld process using the same InnoDB data or log files.
2015-12-19 10:01:27 3780 [ERROR] InnoDB: Unable to lock ./ibdata1, error: 35
2015-12-19 10:01:27 3780 [Note] InnoDB: Check that you do not already have another mysqld process using the same InnoDB data or log files.
2015-12-19 10:01:28 3780 [ERROR] InnoDB: Unable to lock ./ibdata1, error: 35
2015-12-19 10:01:28 3780 [Note] InnoDB: Check that you do not already have another mysqld process using the same InnoDB data or log files.
2015-12-19 10:01:29 3780 [ERROR] InnoDB: Unable to lock ./ibdata1, error: 35
2015-12-19 10:01:29 3780 [Note] InnoDB: Check that you do not already have another mysqld process using the same InnoDB data or log files.
2015-12-19 10:01:30 3780 [ERROR] InnoDB: Unable to lock ./ibdata1, error: 35
2015-12-19 10:01:30 3780 [Note] InnoDB: Check that you do not already have another mysqld process using the same InnoDB data or log files.
2015-12-19 10:01:31 3780 [ERROR] InnoDB: Unable to lock ./ibdata1, error: 35
2015-12-19 10:01:31 3780 [Note] InnoDB: Check that you do not already have another mysqld process using the same InnoDB data or log files.
2015-12-19 10:01:32 3780 [ERROR] InnoDB: Unable to lock ./ibdata1, error: 35
2015-12-19 10:01:32 3780 [Note] InnoDB: Check that you do not already have another mysqld process using the same InnoDB data or log files.
2015-12-19 10:01:33 3780 [ERROR] InnoDB: Unable to lock ./ibdata1, error: 35
2015-12-19 10:01:33 3780 [Note] InnoDB: Check that you do not already have another mysqld process using the same InnoDB data or log files.
2015-12-19 10:01:34 3780 [ERROR] InnoDB: Unable to lock ./ibdata1, error: 35
2015-12-19 10:01:34 3780 [Note] InnoDB: Check that you do not already have another mysqld process using the same InnoDB data or log files.
2015-12-19 10:01:35 3780 [ERROR] InnoDB: Unable to lock ./ibdata1, error: 35
2015-12-19 10:01:35 3780 [Note] InnoDB: Check that you do not already have another mysqld process using the same InnoDB data or log files.
2015-12-19 10:01:36 3780 [ERROR] InnoDB: Unable to lock ./ibdata1, error: 35
2015-12-19 10:01:37 3780 [Note] InnoDB: Check that you do not already have another mysqld process using the same InnoDB data or log files.
2015-12-19 10:01:38 3780 [ERROR] InnoDB: Unable to lock ./ibdata1, error: 35
2015-12-19 10:01:38 3780 [Note] InnoDB: Check that you do not already have another mysqld process using the same InnoDB data or log files.
2015-12-19 10:01:39 3780 [ERROR] InnoDB: Unable to lock ./ibdata1, error: 35
2015-12-19 10:01:39 3780 [Note] InnoDB: Check that you do not already have another mysqld process using the same InnoDB data or log files.
151219 10:01:39 mysqld_safe mysqld from pid file /usr/local/var/mysql/LiboMaMacBook-Pro.local.pid ended
151219 10:02:14 mysqld_safe Starting mysqld daemon with databases from /usr/local/var/mysql
2015-12-19 10:02:15 0 [Warning] TIMESTAMP with implicit DEFAULT value is deprecated. Please use --explicit_defaults_for_timestamp server option (see documentation for more details).
2015-12-19 10:02:15 3908 [Warning] Setting lower_case_table_names=2 because file system for /usr/local/var/mysql/ is case insensitive
2015-12-19 10:02:15 3908 [Note] Plugin 'FEDERATED' is disabled.
2015-12-19 10:02:15 3908 [Note] InnoDB: Using atomics to ref count buffer pool pages
2015-12-19 10:02:15 3908 [Note] InnoDB: The InnoDB memory heap is disabled
2015-12-19 10:02:15 3908 [Note] InnoDB: Mutexes and rw_locks use GCC atomic builtins
2015-12-19 10:02:15 3908 [Note] InnoDB: Compressed tables use zlib 1.2.3
2015-12-19 10:02:15 3908 [Note] InnoDB: Using CPU crc32 instructions
2015-12-19 10:02:15 3908 [Note] InnoDB: Initializing buffer pool, size = 128.0M
2015-12-19 10:02:15 3908 [Note] InnoDB: Completed initialization of buffer pool
2015-12-19 10:02:15 3908 [Note] InnoDB: Highest supported file format is Barracuda.
2015-12-19 10:02:15 3908 [Note] InnoDB: The log sequence numbers 2002685 and 2002685 in ibdata files do not match the log sequence number 2002695 in the ib_logfiles!
2015-12-19 10:02:15 3908 [Note] InnoDB: Database was not shutdown normally!
2015-12-19 10:02:15 3908 [Note] InnoDB: Starting crash recovery.
2015-12-19 10:02:15 3908 [Note] InnoDB: Reading tablespace information from the .ibd files...
2015-12-19 10:02:15 3908 [Note] InnoDB: Restoring possible half-written data pages 
2015-12-19 10:02:15 3908 [Note] InnoDB: from the doublewrite buffer...
2015-12-19 10:02:15 3908 [Note] InnoDB: 128 rollback segment(s) are active.
2015-12-19 10:02:15 3908 [Note] InnoDB: Waiting for purge to start
2015-12-19 10:02:15 3908 [Note] InnoDB: 5.6.19 started; log sequence number 2002695
2015-12-19 10:02:15 3908 [Note] RSA private key file not found: /usr/local/var/mysql//private_key.pem. Some authentication plugins will not work.
2015-12-19 10:02:15 3908 [Note] RSA public key file not found: /usr/local/var/mysql//public_key.pem. Some authentication plugins will not work.
2015-12-19 10:02:15 3908 [Note] Server hostname (bind-address): '*'; port: 3306
2015-12-19 10:02:15 3908 [Note] IPv6 is available.
2015-12-19 10:02:15 3908 [Note]   - '::' resolves to '::';
2015-12-19 10:02:15 3908 [Note] Server socket created on IP: '::'.
2015-12-19 10:02:15 3908 [Note] Event Scheduler: Loaded 0 events
2015-12-19 10:02:15 3908 [Note] /usr/local/Cellar/mysql/5.6.19/bin/mysqld: ready for connections.
Version: '5.6.19'  socket: '/tmp/mysql.sock'  port: 3306  Homebrew
151219 10:02:57 mysqld_safe mysqld restarted
2015-12-19 10:02:57 0 [Warning] TIMESTAMP with implicit DEFAULT value is deprecated. Please use --explicit_defaults_for_timestamp server option (see documentation for more details).
2015-12-19 10:02:57 3929 [Warning] Setting lower_case_table_names=2 because file system for /usr/local/var/mysql/ is case insensitive
2015-12-19 10:02:57 3929 [Note] Plugin 'FEDERATED' is disabled.
2015-12-19 10:02:57 3929 [Note] InnoDB: Using atomics to ref count buffer pool pages
2015-12-19 10:02:57 3929 [Note] InnoDB: The InnoDB memory heap is disabled
2015-12-19 10:02:57 3929 [Note] InnoDB: Mutexes and rw_locks use GCC atomic builtins
2015-12-19 10:02:57 3929 [Note] InnoDB: Compressed tables use zlib 1.2.3
2015-12-19 10:02:57 3929 [Note] InnoDB: Using CPU crc32 instructions
2015-12-19 10:02:57 3929 [Note] InnoDB: Initializing buffer pool, size = 128.0M
2015-12-19 10:02:57 3929 [Note] InnoDB: Completed initialization of buffer pool
2015-12-19 10:02:57 3929 [Note] InnoDB: Highest supported file format is Barracuda.
2015-12-19 10:02:57 3929 [Note] InnoDB: The log sequence numbers 2002685 and 2002685 in ibdata files do not match the log sequence number 2002705 in the ib_logfiles!
2015-12-19 10:02:57 3929 [Note] InnoDB: Database was not shutdown normally!
2015-12-19 10:02:57 3929 [Note] InnoDB: Starting crash recovery.
2015-12-19 10:02:57 3929 [Note] InnoDB: Reading tablespace information from the .ibd files...
2015-12-19 10:02:57 3929 [Note] InnoDB: Restoring possible half-written data pages 
2015-12-19 10:02:57 3929 [Note] InnoDB: from the doublewrite buffer...
2015-12-19 10:02:57 3929 [Note] InnoDB: 128 rollback segment(s) are active.
2015-12-19 10:02:57 3929 [Note] InnoDB: Waiting for purge to start
2015-12-19 10:02:57 3929 [Note] InnoDB: 5.6.19 started; log sequence number 2002705
2015-12-19 10:02:57 3929 [Note] RSA private key file not found: /usr/local/var/mysql//private_key.pem. Some authentication plugins will not work.
2015-12-19 10:02:57 3929 [Note] RSA public key file not found: /usr/local/var/mysql//public_key.pem. Some authentication plugins will not work.
2015-12-19 10:02:57 3929 [Note] Server hostname (bind-address): '*'; port: 3306
2015-12-19 10:02:57 3929 [Note] IPv6 is available.
2015-12-19 10:02:57 3929 [Note]   - '::' resolves to '::';
2015-12-19 10:02:57 3929 [Note] Server socket created on IP: '::'.
2015-12-19 10:02:57 3929 [Note] Event Scheduler: Loaded 0 events
2015-12-19 10:02:57 3929 [Note] /usr/local/Cellar/mysql/5.6.19/bin/mysqld: ready for connections.
Version: '5.6.19'  socket: '/tmp/mysql.sock'  port: 3306  Homebrew
151219 10:03:42 mysqld_safe Starting mysqld daemon with databases from /usr/local/var/mysql
2015-12-19 10:03:42 0 [Warning] TIMESTAMP with implicit DEFAULT value is deprecated. Please use --explicit_defaults_for_timestamp server option (see documentation for more details).
2015-12-19 10:03:42 4036 [Warning] Setting lower_case_table_names=2 because file system for /usr/local/var/mysql/ is case insensitive
2015-12-19 10:03:42 4036 [Note] Plugin 'FEDERATED' is disabled.
2015-12-19 10:03:42 4036 [Note] InnoDB: Using atomics to ref count buffer pool pages
2015-12-19 10:03:42 4036 [Note] InnoDB: The InnoDB memory heap is disabled
2015-12-19 10:03:42 4036 [Note] InnoDB: Mutexes and rw_locks use GCC atomic builtins
2015-12-19 10:03:42 4036 [Note] InnoDB: Compressed tables use zlib 1.2.3
2015-12-19 10:03:42 4036 [Note] InnoDB: Using CPU crc32 instructions
2015-12-19 10:03:42 4036 [Note] InnoDB: Initializing buffer pool, size = 128.0M
2015-12-19 10:03:42 4036 [Note] InnoDB: Completed initialization of buffer pool
2015-12-19 10:03:42 4036 [Note] InnoDB: Highest supported file format is Barracuda.
2015-12-19 10:03:42 4036 [Note] InnoDB: The log sequence numbers 2002685 and 2002685 in ibdata files do not match the log sequence number 2002715 in the ib_logfiles!
2015-12-19 10:03:42 4036 [Note] InnoDB: Database was not shutdown normally!
2015-12-19 10:03:42 4036 [Note] InnoDB: Starting crash recovery.
2015-12-19 10:03:42 4036 [Note] InnoDB: Reading tablespace information from the .ibd files...
2015-12-19 10:03:42 4036 [Note] InnoDB: Restoring possible half-written data pages 
2015-12-19 10:03:42 4036 [Note] InnoDB: from the doublewrite buffer...
2015-12-19 10:03:43 4036 [Note] InnoDB: 128 rollback segment(s) are active.
2015-12-19 10:03:43 4036 [Note] InnoDB: Waiting for purge to start
2015-12-19 10:03:43 4036 [Note] InnoDB: 5.6.19 started; log sequence number 2002715
2015-12-19 10:03:43 4036 [Note] RSA private key file not found: /usr/local/var/mysql//private_key.pem. Some authentication plugins will not work.
2015-12-19 10:03:43 4036 [Note] RSA public key file not found: /usr/local/var/mysql//public_key.pem. Some authentication plugins will not work.
2015-12-19 10:03:43 4036 [Note] Server hostname (bind-address): '*'; port: 3306
2015-12-19 10:03:43 4036 [Note] IPv6 is available.
2015-12-19 10:03:43 4036 [Note]   - '::' resolves to '::';
2015-12-19 10:03:43 4036 [Note] Server socket created on IP: '::'.
2015-12-19 10:03:43 4036 [Note] Event Scheduler: Loaded 0 events
2015-12-19 10:03:43 4036 [Note] /usr/local/Cellar/mysql/5.6.19/bin/mysqld: ready for connections.
Version: '5.6.19'  socket: '/tmp/mysql.sock'  port: 3306  Homebrew
2015-12-19 10:06:58 4036 [Note] /usr/local/Cellar/mysql/5.6.19/bin/mysqld: Normal shutdown

2015-12-19 10:06:58 4036 [Note] Giving 0 client threads a chance to die gracefully
2015-12-19 10:06:58 4036 [Note] Event Scheduler: Purging the queue. 0 events
2015-12-19 10:06:58 4036 [Note] Shutting down slave threads
2015-12-19 10:06:58 4036 [Note] Forcefully disconnecting 0 remaining clients
2015-12-19 10:06:58 4036 [Note] Binlog end
2015-12-19 10:06:58 4036 [Note] Shutting down plugin 'partition'
2015-12-19 10:06:58 4036 [Note] Shutting down plugin 'PERFORMANCE_SCHEMA'
2015-12-19 10:06:58 4036 [Note] Shutting down plugin 'INNODB_SYS_DATAFILES'
2015-12-19 10:06:58 4036 [Note] Shutting down plugin 'INNODB_SYS_TABLESPACES'
2015-12-19 10:06:58 4036 [Note] Shutting down plugin 'INNODB_SYS_FOREIGN_COLS'
2015-12-19 10:06:58 4036 [Note] Shutting down plugin 'INNODB_SYS_FOREIGN'
2015-12-19 10:06:58 4036 [Note] Shutting down plugin 'INNODB_SYS_FIELDS'
2015-12-19 10:06:58 4036 [Note] Shutting down plugin 'INNODB_SYS_COLUMNS'
2015-12-19 10:06:58 4036 [Note] Shutting down plugin 'INNODB_SYS_INDEXES'
2015-12-19 10:06:58 4036 [Note] Shutting down plugin 'INNODB_SYS_TABLESTATS'
2015-12-19 10:06:58 4036 [Note] Shutting down plugin 'INNODB_SYS_TABLES'
2015-12-19 10:06:58 4036 [Note] Shutting down plugin 'INNODB_FT_INDEX_TABLE'
2015-12-19 10:06:58 4036 [Note] Shutting down plugin 'INNODB_FT_INDEX_CACHE'
2015-12-19 10:06:58 4036 [Note] Shutting down plugin 'INNODB_FT_CONFIG'
2015-12-19 10:06:58 4036 [Note] Shutting down plugin 'INNODB_FT_BEING_DELETED'
2015-12-19 10:06:58 4036 [Note] Shutting down plugin 'INNODB_FT_DELETED'
2015-12-19 10:06:58 4036 [Note] Shutting down plugin 'INNODB_FT_DEFAULT_STOPWORD'
2015-12-19 10:06:58 4036 [Note] Shutting down plugin 'INNODB_METRICS'
2015-12-19 10:06:58 4036 [Note] Shutting down plugin 'INNODB_BUFFER_POOL_STATS'
2015-12-19 10:06:58 4036 [Note] Shutting down plugin 'INNODB_BUFFER_PAGE_LRU'
2015-12-19 10:06:58 4036 [Note] Shutting down plugin 'INNODB_BUFFER_PAGE'
2015-12-19 10:06:58 4036 [Note] Shutting down plugin 'INNODB_CMP_PER_INDEX_RESET'
2015-12-19 10:06:58 4036 [Note] Shutting down plugin 'INNODB_CMP_PER_INDEX'
2015-12-19 10:06:58 4036 [Note] Shutting down plugin 'INNODB_CMPMEM_RESET'
2015-12-19 10:06:58 4036 [Note] Shutting down plugin 'INNODB_CMPMEM'
2015-12-19 10:06:58 4036 [Note] Shutting down plugin 'INNODB_CMP_RESET'
2015-12-19 10:06:58 4036 [Note] Shutting down plugin 'INNODB_CMP'
2015-12-19 10:06:58 4036 [Note] Shutting down plugin 'INNODB_LOCK_WAITS'
2015-12-19 10:06:58 4036 [Note] Shutting down plugin 'INNODB_LOCKS'
2015-12-19 10:06:58 4036 [Note] Shutting down plugin 'INNODB_TRX'
2015-12-19 10:06:58 4036 [Note] Shutting down plugin 'InnoDB'
2015-12-19 10:06:58 4036 [Note] InnoDB: FTS optimize thread exiting.
2015-12-19 10:06:58 4036 [Note] InnoDB: Starting shutdown...
2015-12-19 10:06:59 4036 [Note] InnoDB: Shutdown completed; log sequence number 2002725
2015-12-19 10:06:59 4036 [Note] Shutting down plugin 'BLACKHOLE'
2015-12-19 10:06:59 4036 [Note] Shutting down plugin 'ARCHIVE'
2015-12-19 10:06:59 4036 [Note] Shutting down plugin 'MRG_MYISAM'
2015-12-19 10:06:59 4036 [Note] Shutting down plugin 'MyISAM'
2015-12-19 10:06:59 4036 [Note] Shutting down plugin 'MEMORY'
2015-12-19 10:06:59 4036 [Note] Shutting down plugin 'CSV'
2015-12-19 10:06:59 4036 [Note] Shutting down plugin 'sha256_password'
2015-12-19 10:06:59 4036 [Note] Shutting down plugin 'mysql_old_password'
2015-12-19 10:06:59 4036 [Note] Shutting down plugin 'mysql_native_password'
2015-12-19 10:06:59 4036 [Note] Shutting down plugin 'binlog'
2015-12-19 10:06:59 4036 [Note] /usr/local/Cellar/mysql/5.6.19/bin/mysqld: Shutdown complete

151219 10:06:59 mysqld_safe mysqld from pid file /usr/local/var/mysql/LiboMaMacBook-Pro.local.pid ended
151219 10:07:16 mysqld_safe Starting mysqld daemon with databases from /usr/local/var/mysql
2015-12-19 10:07:17 0 [Warning] TIMESTAMP with implicit DEFAULT value is deprecated. Please use --explicit_defaults_for_timestamp server option (see documentation for more details).
2015-12-19 10:07:17 4182 [Warning] Setting lower_case_table_names=2 because file system for /usr/local/var/mysql/ is case insensitive
2015-12-19 10:07:17 4182 [Note] Plugin 'FEDERATED' is disabled.
2015-12-19 10:07:17 4182 [Note] InnoDB: Using atomics to ref count buffer pool pages
2015-12-19 10:07:17 4182 [Note] InnoDB: The InnoDB memory heap is disabled
2015-12-19 10:07:17 4182 [Note] InnoDB: Mutexes and rw_locks use GCC atomic builtins
2015-12-19 10:07:17 4182 [Note] InnoDB: Compressed tables use zlib 1.2.3
2015-12-19 10:07:17 4182 [Note] InnoDB: Using CPU crc32 instructions
2015-12-19 10:07:17 4182 [Note] InnoDB: Initializing buffer pool, size = 128.0M
2015-12-19 10:07:17 4182 [Note] InnoDB: Completed initialization of buffer pool
2015-12-19 10:07:17 4182 [Note] InnoDB: Highest supported file format is Barracuda.
2015-12-19 10:07:17 4182 [Note] InnoDB: 128 rollback segment(s) are active.
2015-12-19 10:07:17 4182 [Note] InnoDB: Waiting for purge to start
2015-12-19 10:07:17 4182 [Note] InnoDB: 5.6.19 started; log sequence number 2002725
2015-12-19 10:07:17 4182 [Note] RSA private key file not found: /usr/local/var/mysql//private_key.pem. Some authentication plugins will not work.
2015-12-19 10:07:17 4182 [Note] RSA public key file not found: /usr/local/var/mysql//public_key.pem. Some authentication plugins will not work.
2015-12-19 10:07:17 4182 [Note] Server hostname (bind-address): '*'; port: 3306
2015-12-19 10:07:17 4182 [Note] IPv6 is available.
2015-12-19 10:07:17 4182 [Note]   - '::' resolves to '::';
2015-12-19 10:07:17 4182 [Note] Server socket created on IP: '::'.
2015-12-19 10:07:17 4182 [Note] /usr/local/Cellar/mysql/5.6.19/bin/mysqld: ready for connections.
Version: '5.6.19'  socket: '/tmp/mysql.sock'  port: 3306  Homebrew
2015-12-19 10:10:14 4182 [Note] /usr/local/Cellar/mysql/5.6.19/bin/mysqld: Normal shutdown

2015-12-19 10:10:14 4182 [Note] Giving 0 client threads a chance to die gracefully
2015-12-19 10:10:14 4182 [Note] Shutting down slave threads
2015-12-19 10:10:14 4182 [Note] Forcefully disconnecting 0 remaining clients
2015-12-19 10:10:14 4182 [Note] Binlog end
2015-12-19 10:10:14 4182 [Note] Shutting down plugin 'partition'
2015-12-19 10:10:14 4182 [Note] Shutting down plugin 'PERFORMANCE_SCHEMA'
2015-12-19 10:10:14 4182 [Note] Shutting down plugin 'INNODB_SYS_DATAFILES'
2015-12-19 10:10:14 4182 [Note] Shutting down plugin 'INNODB_SYS_TABLESPACES'
2015-12-19 10:10:14 4182 [Note] Shutting down plugin 'INNODB_SYS_FOREIGN_COLS'
2015-12-19 10:10:14 4182 [Note] Shutting down plugin 'INNODB_SYS_FOREIGN'
2015-12-19 10:10:14 4182 [Note] Shutting down plugin 'INNODB_SYS_FIELDS'
2015-12-19 10:10:14 4182 [Note] Shutting down plugin 'INNODB_SYS_COLUMNS'
2015-12-19 10:10:14 4182 [Note] Shutting down plugin 'INNODB_SYS_INDEXES'
2015-12-19 10:10:14 4182 [Note] Shutting down plugin 'INNODB_SYS_TABLESTATS'
2015-12-19 10:10:14 4182 [Note] Shutting down plugin 'INNODB_SYS_TABLES'
2015-12-19 10:10:14 4182 [Note] Shutting down plugin 'INNODB_FT_INDEX_TABLE'
2015-12-19 10:10:14 4182 [Note] Shutting down plugin 'INNODB_FT_INDEX_CACHE'
2015-12-19 10:10:14 4182 [Note] Shutting down plugin 'INNODB_FT_CONFIG'
2015-12-19 10:10:14 4182 [Note] Shutting down plugin 'INNODB_FT_BEING_DELETED'
2015-12-19 10:10:14 4182 [Note] Shutting down plugin 'INNODB_FT_DELETED'
2015-12-19 10:10:14 4182 [Note] Shutting down plugin 'INNODB_FT_DEFAULT_STOPWORD'
2015-12-19 10:10:14 4182 [Note] Shutting down plugin 'INNODB_METRICS'
2015-12-19 10:10:14 4182 [Note] Shutting down plugin 'INNODB_BUFFER_POOL_STATS'
2015-12-19 10:10:14 4182 [Note] Shutting down plugin 'INNODB_BUFFER_PAGE_LRU'
2015-12-19 10:10:14 4182 [Note] Shutting down plugin 'INNODB_BUFFER_PAGE'
2015-12-19 10:10:14 4182 [Note] Shutting down plugin 'INNODB_CMP_PER_INDEX_RESET'
2015-12-19 10:10:14 4182 [Note] Shutting down plugin 'INNODB_CMP_PER_INDEX'
2015-12-19 10:10:14 4182 [Note] Shutting down plugin 'INNODB_CMPMEM_RESET'
2015-12-19 10:10:14 4182 [Note] Shutting down plugin 'INNODB_CMPMEM'
2015-12-19 10:10:14 4182 [Note] Shutting down plugin 'INNODB_CMP_RESET'
2015-12-19 10:10:14 4182 [Note] Shutting down plugin 'INNODB_CMP'
2015-12-19 10:10:14 4182 [Note] Shutting down plugin 'INNODB_LOCK_WAITS'
2015-12-19 10:10:14 4182 [Note] Shutting down plugin 'INNODB_LOCKS'
2015-12-19 10:10:14 4182 [Note] Shutting down plugin 'INNODB_TRX'
2015-12-19 10:10:14 4182 [Note] Shutting down plugin 'InnoDB'
2015-12-19 10:10:14 4182 [Note] InnoDB: FTS optimize thread exiting.
2015-12-19 10:10:14 4182 [Note] InnoDB: Starting shutdown...
2015-12-19 10:10:14 4182 [Note] InnoDB: Shutdown completed; log sequence number 2025446
2015-12-19 10:10:14 4182 [Note] Shutting down plugin 'BLACKHOLE'
2015-12-19 10:10:14 4182 [Note] Shutting down plugin 'ARCHIVE'
2015-12-19 10:10:14 4182 [Note] Shutting down plugin 'MRG_MYISAM'
2015-12-19 10:10:14 4182 [Note] Shutting down plugin 'MyISAM'
2015-12-19 10:10:14 4182 [Note] Shutting down plugin 'MEMORY'
2015-12-19 10:10:14 4182 [Note] Shutting down plugin 'CSV'
2015-12-19 10:10:14 4182 [Note] Shutting down plugin 'sha256_password'
2015-12-19 10:10:14 4182 [Note] Shutting down plugin 'mysql_old_password'
2015-12-19 10:10:14 4182 [Note] Shutting down plugin 'mysql_native_password'
2015-12-19 10:10:14 4182 [Note] Shutting down plugin 'binlog'
2015-12-19 10:10:14 4182 [Note] /usr/local/Cellar/mysql/5.6.19/bin/mysqld: Shutdown complete

151219 10:10:14 mysqld_safe mysqld from pid file /usr/local/var/mysql/LiboMaMacBook-Pro.local.pid ended
151219 10:10:15 mysqld_safe Starting mysqld daemon with databases from /usr/local/var/mysql
2015-12-19 10:10:15 0 [Warning] TIMESTAMP with implicit DEFAULT value is deprecated. Please use --explicit_defaults_for_timestamp server option (see documentation for more details).
2015-12-19 10:10:15 4303 [Warning] Setting lower_case_table_names=2 because file system for /usr/local/var/mysql/ is case insensitive
2015-12-19 10:10:15 4303 [Note] Plugin 'FEDERATED' is disabled.
2015-12-19 10:10:15 4303 [Note] InnoDB: Using atomics to ref count buffer pool pages
2015-12-19 10:10:15 4303 [Note] InnoDB: The InnoDB memory heap is disabled
2015-12-19 10:10:15 4303 [Note] InnoDB: Mutexes and rw_locks use GCC atomic builtins
2015-12-19 10:10:15 4303 [Note] InnoDB: Compressed tables use zlib 1.2.3
2015-12-19 10:10:15 4303 [Note] InnoDB: Using CPU crc32 instructions
2015-12-19 10:10:15 4303 [Note] InnoDB: Initializing buffer pool, size = 128.0M
2015-12-19 10:10:15 4303 [Note] InnoDB: Completed initialization of buffer pool
2015-12-19 10:10:15 4303 [Note] InnoDB: Highest supported file format is Barracuda.
2015-12-19 10:10:15 4303 [Note] InnoDB: 128 rollback segment(s) are active.
2015-12-19 10:10:15 4303 [Note] InnoDB: Waiting for purge to start
2015-12-19 10:10:15 4303 [Note] InnoDB: 5.6.19 started; log sequence number 2025446
2015-12-19 10:10:15 4303 [Note] RSA private key file not found: /usr/local/var/mysql//private_key.pem. Some authentication plugins will not work.
2015-12-19 10:10:15 4303 [Note] RSA public key file not found: /usr/local/var/mysql//public_key.pem. Some authentication plugins will not work.
2015-12-19 10:10:15 4303 [Note] Server hostname (bind-address): '*'; port: 3306
2015-12-19 10:10:15 4303 [Note] IPv6 is available.
2015-12-19 10:10:15 4303 [Note]   - '::' resolves to '::';
2015-12-19 10:10:15 4303 [Note] Server socket created on IP: '::'.
2015-12-19 10:10:15 4303 [Note] Event Scheduler: Loaded 0 events
2015-12-19 10:10:15 4303 [Note] /usr/local/Cellar/mysql/5.6.19/bin/mysqld: ready for connections.
Version: '5.6.19'  socket: '/tmp/mysql.sock'  port: 3306  Homebrew
2015-12-19 10:31:38 4303 [Note] /usr/local/Cellar/mysql/5.6.19/bin/mysqld: Normal shutdown

2015-12-19 10:31:38 4303 [Note] Giving 0 client threads a chance to die gracefully
2015-12-19 10:31:38 4303 [Note] Event Scheduler: Purging the queue. 0 events
2015-12-19 10:31:38 4303 [Note] Shutting down slave threads
2015-12-19 10:31:38 4303 [Note] Forcefully disconnecting 0 remaining clients
2015-12-19 10:31:38 4303 [Note] Binlog end
2015-12-19 10:31:38 4303 [Note] Shutting down plugin 'partition'
2015-12-19 10:31:38 4303 [Note] Shutting down plugin 'PERFORMANCE_SCHEMA'
2015-12-19 10:31:38 4303 [Note] Shutting down plugin 'INNODB_SYS_DATAFILES'
2015-12-19 10:31:38 4303 [Note] Shutting down plugin 'INNODB_SYS_TABLESPACES'
2015-12-19 10:31:38 4303 [Note] Shutting down plugin 'INNODB_SYS_FOREIGN_COLS'
2015-12-19 10:31:38 4303 [Note] Shutting down plugin 'INNODB_SYS_FOREIGN'
2015-12-19 10:31:38 4303 [Note] Shutting down plugin 'INNODB_SYS_FIELDS'
2015-12-19 10:31:38 4303 [Note] Shutting down plugin 'INNODB_SYS_COLUMNS'
2015-12-19 10:31:38 4303 [Note] Shutting down plugin 'INNODB_SYS_INDEXES'
2015-12-19 10:31:38 4303 [Note] Shutting down plugin 'INNODB_SYS_TABLESTATS'
2015-12-19 10:31:38 4303 [Note] Shutting down plugin 'INNODB_SYS_TABLES'
2015-12-19 10:31:38 4303 [Note] Shutting down plugin 'INNODB_FT_INDEX_TABLE'
2015-12-19 10:31:38 4303 [Note] Shutting down plugin 'INNODB_FT_INDEX_CACHE'
2015-12-19 10:31:38 4303 [Note] Shutting down plugin 'INNODB_FT_CONFIG'
2015-12-19 10:31:38 4303 [Note] Shutting down plugin 'INNODB_FT_BEING_DELETED'
2015-12-19 10:31:38 4303 [Note] Shutting down plugin 'INNODB_FT_DELETED'
2015-12-19 10:31:38 4303 [Note] Shutting down plugin 'INNODB_FT_DEFAULT_STOPWORD'
2015-12-19 10:31:38 4303 [Note] Shutting down plugin 'INNODB_METRICS'
2015-12-19 10:31:38 4303 [Note] Shutting down plugin 'INNODB_BUFFER_POOL_STATS'
2015-12-19 10:31:38 4303 [Note] Shutting down plugin 'INNODB_BUFFER_PAGE_LRU'
2015-12-19 10:31:38 4303 [Note] Shutting down plugin 'INNODB_BUFFER_PAGE'
2015-12-19 10:31:38 4303 [Note] Shutting down plugin 'INNODB_CMP_PER_INDEX_RESET'
2015-12-19 10:31:38 4303 [Note] Shutting down plugin 'INNODB_CMP_PER_INDEX'
2015-12-19 10:31:38 4303 [Note] Shutting down plugin 'INNODB_CMPMEM_RESET'
2015-12-19 10:31:38 4303 [Note] Shutting down plugin 'INNODB_CMPMEM'
2015-12-19 10:31:38 4303 [Note] Shutting down plugin 'INNODB_CMP_RESET'
2015-12-19 10:31:38 4303 [Note] Shutting down plugin 'INNODB_CMP'
2015-12-19 10:31:38 4303 [Note] Shutting down plugin 'INNODB_LOCK_WAITS'
2015-12-19 10:31:38 4303 [Note] Shutting down plugin 'INNODB_LOCKS'
2015-12-19 10:31:38 4303 [Note] Shutting down plugin 'INNODB_TRX'
2015-12-19 10:31:38 4303 [Note] Shutting down plugin 'InnoDB'
2015-12-19 10:31:38 4303 [Note] InnoDB: FTS optimize thread exiting.
2015-12-19 10:31:38 4303 [Note] InnoDB: Starting shutdown...
2015-12-19 10:31:39 4303 [Note] InnoDB: Shutdown completed; log sequence number 2025456
2015-12-19 10:31:39 4303 [Note] Shutting down plugin 'BLACKHOLE'
2015-12-19 10:31:39 4303 [Note] Shutting down plugin 'ARCHIVE'
2015-12-19 10:31:39 4303 [Note] Shutting down plugin 'MRG_MYISAM'
2015-12-19 10:31:39 4303 [Note] Shutting down plugin 'MyISAM'
2015-12-19 10:31:39 4303 [Note] Shutting down plugin 'MEMORY'
2015-12-19 10:31:39 4303 [Note] Shutting down plugin 'CSV'
2015-12-19 10:31:39 4303 [Note] Shutting down plugin 'sha256_password'
2015-12-19 10:31:39 4303 [Note] Shutting down plugin 'mysql_old_password'
2015-12-19 10:31:39 4303 [Note] Shutting down plugin 'mysql_native_password'
2015-12-19 10:31:39 4303 [Note] Shutting down plugin 'binlog'
2015-12-19 10:31:39 4303 [Note] /usr/local/Cellar/mysql/5.6.19/bin/mysqld: Shutdown complete

151219 10:31:39 mysqld_safe mysqld from pid file /usr/local/var/mysql/LiboMaMacBook-Pro.local.pid ended
151219 10:31:40 mysqld_safe Starting mysqld daemon with databases from /usr/local/var/mysql
2015-12-19 10:31:40 0 [Warning] TIMESTAMP with implicit DEFAULT value is deprecated. Please use --explicit_defaults_for_timestamp server option (see documentation for more details).
2015-12-19 10:31:40 6588 [Warning] Setting lower_case_table_names=2 because file system for /usr/local/var/mysql/ is case insensitive
2015-12-19 10:31:40 6588 [Note] Plugin 'FEDERATED' is disabled.
2015-12-19 10:31:40 6588 [Note] InnoDB: Using atomics to ref count buffer pool pages
2015-12-19 10:31:40 6588 [Note] InnoDB: The InnoDB memory heap is disabled
2015-12-19 10:31:40 6588 [Note] InnoDB: Mutexes and rw_locks use GCC atomic builtins
2015-12-19 10:31:40 6588 [Note] InnoDB: Compressed tables use zlib 1.2.3
2015-12-19 10:31:40 6588 [Note] InnoDB: Using CPU crc32 instructions
2015-12-19 10:31:40 6588 [Note] InnoDB: Initializing buffer pool, size = 128.0M
2015-12-19 10:31:40 6588 [Note] InnoDB: Completed initialization of buffer pool
2015-12-19 10:31:40 6588 [Note] InnoDB: Highest supported file format is Barracuda.
2015-12-19 10:31:40 6588 [Note] InnoDB: 128 rollback segment(s) are active.
2015-12-19 10:31:40 6588 [Note] InnoDB: Waiting for purge to start
2015-12-19 10:31:40 6588 [Note] InnoDB: 5.6.19 started; log sequence number 2025456
2015-12-19 10:31:40 6588 [Note] RSA private key file not found: /usr/local/var/mysql//private_key.pem. Some authentication plugins will not work.
2015-12-19 10:31:40 6588 [Note] RSA public key file not found: /usr/local/var/mysql//public_key.pem. Some authentication plugins will not work.
2015-12-19 10:31:40 6588 [Note] Server hostname (bind-address): '*'; port: 3306
2015-12-19 10:31:40 6588 [Note] IPv6 is available.
2015-12-19 10:31:40 6588 [Note]   - '::' resolves to '::';
2015-12-19 10:31:40 6588 [Note] Server socket created on IP: '::'.
2015-12-19 10:31:40 6588 [Note] Event Scheduler: Loaded 0 events
2015-12-19 10:31:40 6588 [Note] /usr/local/Cellar/mysql/5.6.19/bin/mysqld: ready for connections.
Version: '5.6.19'  socket: '/tmp/mysql.sock'  port: 3306  Homebrew
2015-12-19 10:36:25 6588 [Note] /usr/local/Cellar/mysql/5.6.19/bin/mysqld: Normal shutdown

2015-12-19 10:36:25 6588 [Note] Giving 0 client threads a chance to die gracefully
2015-12-19 10:36:25 6588 [Note] Event Scheduler: Purging the queue. 0 events
2015-12-19 10:36:25 6588 [Note] Shutting down slave threads
2015-12-19 10:36:25 6588 [Note] Forcefully disconnecting 0 remaining clients
2015-12-19 10:36:25 6588 [Note] Binlog end
2015-12-19 10:36:25 6588 [Note] Shutting down plugin 'partition'
2015-12-19 10:36:25 6588 [Note] Shutting down plugin 'PERFORMANCE_SCHEMA'
2015-12-19 10:36:25 6588 [Note] Shutting down plugin 'INNODB_SYS_DATAFILES'
2015-12-19 10:36:25 6588 [Note] Shutting down plugin 'INNODB_SYS_TABLESPACES'
2015-12-19 10:36:25 6588 [Note] Shutting down plugin 'INNODB_SYS_FOREIGN_COLS'
2015-12-19 10:36:25 6588 [Note] Shutting down plugin 'INNODB_SYS_FOREIGN'
2015-12-19 10:36:25 6588 [Note] Shutting down plugin 'INNODB_SYS_FIELDS'
2015-12-19 10:36:25 6588 [Note] Shutting down plugin 'INNODB_SYS_COLUMNS'
2015-12-19 10:36:25 6588 [Note] Shutting down plugin 'INNODB_SYS_INDEXES'
2015-12-19 10:36:25 6588 [Note] Shutting down plugin 'INNODB_SYS_TABLESTATS'
2015-12-19 10:36:25 6588 [Note] Shutting down plugin 'INNODB_SYS_TABLES'
2015-12-19 10:36:25 6588 [Note] Shutting down plugin 'INNODB_FT_INDEX_TABLE'
2015-12-19 10:36:25 6588 [Note] Shutting down plugin 'INNODB_FT_INDEX_CACHE'
2015-12-19 10:36:25 6588 [Note] Shutting down plugin 'INNODB_FT_CONFIG'
2015-12-19 10:36:25 6588 [Note] Shutting down plugin 'INNODB_FT_BEING_DELETED'
2015-12-19 10:36:25 6588 [Note] Shutting down plugin 'INNODB_FT_DELETED'
2015-12-19 10:36:25 6588 [Note] Shutting down plugin 'INNODB_FT_DEFAULT_STOPWORD'
2015-12-19 10:36:25 6588 [Note] Shutting down plugin 'INNODB_METRICS'
2015-12-19 10:36:25 6588 [Note] Shutting down plugin 'INNODB_BUFFER_POOL_STATS'
2015-12-19 10:36:25 6588 [Note] Shutting down plugin 'INNODB_BUFFER_PAGE_LRU'
2015-12-19 10:36:25 6588 [Note] Shutting down plugin 'INNODB_BUFFER_PAGE'
2015-12-19 10:36:25 6588 [Note] Shutting down plugin 'INNODB_CMP_PER_INDEX_RESET'
2015-12-19 10:36:25 6588 [Note] Shutting down plugin 'INNODB_CMP_PER_INDEX'
2015-12-19 10:36:25 6588 [Note] Shutting down plugin 'INNODB_CMPMEM_RESET'
2015-12-19 10:36:25 6588 [Note] Shutting down plugin 'INNODB_CMPMEM'
2015-12-19 10:36:25 6588 [Note] Shutting down plugin 'INNODB_CMP_RESET'
2015-12-19 10:36:25 6588 [Note] Shutting down plugin 'INNODB_CMP'
2015-12-19 10:36:25 6588 [Note] Shutting down plugin 'INNODB_LOCK_WAITS'
2015-12-19 10:36:25 6588 [Note] Shutting down plugin 'INNODB_LOCKS'
2015-12-19 10:36:25 6588 [Note] Shutting down plugin 'INNODB_TRX'
2015-12-19 10:36:25 6588 [Note] Shutting down plugin 'InnoDB'
2015-12-19 10:36:25 6588 [Note] InnoDB: FTS optimize thread exiting.
2015-12-19 10:36:25 6588 [Note] InnoDB: Starting shutdown...
2015-12-19 10:36:26 6588 [Note] InnoDB: Shutdown completed; log sequence number 2025466
2015-12-19 10:36:26 6588 [Note] Shutting down plugin 'BLACKHOLE'
2015-12-19 10:36:26 6588 [Note] Shutting down plugin 'ARCHIVE'
2015-12-19 10:36:26 6588 [Note] Shutting down plugin 'MRG_MYISAM'
2015-12-19 10:36:26 6588 [Note] Shutting down plugin 'MyISAM'
2015-12-19 10:36:26 6588 [Note] Shutting down plugin 'MEMORY'
2015-12-19 10:36:26 6588 [Note] Shutting down plugin 'CSV'
2015-12-19 10:36:26 6588 [Note] Shutting down plugin 'sha256_password'
2015-12-19 10:36:26 6588 [Note] Shutting down plugin 'mysql_old_password'
2015-12-19 10:36:26 6588 [Note] Shutting down plugin 'mysql_native_password'
2015-12-19 10:36:26 6588 [Note] Shutting down plugin 'binlog'
2015-12-19 10:36:26 6588 [Note] /usr/local/Cellar/mysql/5.6.19/bin/mysqld: Shutdown complete

151219 10:36:26 mysqld_safe mysqld from pid file /usr/local/var/mysql/LiboMaMacBook-Pro.local.pid ended
151219 10:36:27 mysqld_safe Starting mysqld daemon with databases from /usr/local/var/mysql
2015-12-19 10:36:27 0 [Warning] TIMESTAMP with implicit DEFAULT value is deprecated. Please use --explicit_defaults_for_timestamp server option (see documentation for more details).
2015-12-19 10:36:27 6790 [Warning] Setting lower_case_table_names=2 because file system for /usr/local/var/mysql/ is case insensitive
2015-12-19 10:36:27 6790 [Note] Plugin 'FEDERATED' is disabled.
2015-12-19 10:36:27 6790 [Note] InnoDB: Using atomics to ref count buffer pool pages
2015-12-19 10:36:27 6790 [Note] InnoDB: The InnoDB memory heap is disabled
2015-12-19 10:36:27 6790 [Note] InnoDB: Mutexes and rw_locks use GCC atomic builtins
2015-12-19 10:36:27 6790 [Note] InnoDB: Compressed tables use zlib 1.2.3
2015-12-19 10:36:27 6790 [Note] InnoDB: Using CPU crc32 instructions
2015-12-19 10:36:27 6790 [Note] InnoDB: Initializing buffer pool, size = 128.0M
2015-12-19 10:36:27 6790 [Note] InnoDB: Completed initialization of buffer pool
2015-12-19 10:36:27 6790 [Note] InnoDB: Highest supported file format is Barracuda.
2015-12-19 10:36:27 6790 [Note] InnoDB: 128 rollback segment(s) are active.
2015-12-19 10:36:27 6790 [Note] InnoDB: Waiting for purge to start
2015-12-19 10:36:27 6790 [Note] InnoDB: 5.6.19 started; log sequence number 2025466
2015-12-19 10:36:27 6790 [Note] RSA private key file not found: /usr/local/var/mysql//private_key.pem. Some authentication plugins will not work.
2015-12-19 10:36:27 6790 [Note] RSA public key file not found: /usr/local/var/mysql//public_key.pem. Some authentication plugins will not work.
2015-12-19 10:36:27 6790 [Note] Server hostname (bind-address): '*'; port: 3306
2015-12-19 10:36:27 6790 [Note] IPv6 is available.
2015-12-19 10:36:27 6790 [Note]   - '::' resolves to '::';
2015-12-19 10:36:27 6790 [Note] Server socket created on IP: '::'.
2015-12-19 10:36:27 6790 [Note] Event Scheduler: Loaded 0 events
2015-12-19 10:36:27 6790 [Note] /usr/local/Cellar/mysql/5.6.19/bin/mysqld: ready for connections.
Version: '5.6.19'  socket: '/tmp/mysql.sock'  port: 3306  Homebrew
2015-12-19 10:45:05 6790 [Note] /usr/local/Cellar/mysql/5.6.19/bin/mysqld: Normal shutdown

2015-12-19 10:45:05 6790 [Note] Giving 0 client threads a chance to die gracefully
2015-12-19 10:45:05 6790 [Note] Event Scheduler: Purging the queue. 0 events
2015-12-19 10:45:05 6790 [Note] Shutting down slave threads
2015-12-19 10:45:05 6790 [Note] Forcefully disconnecting 0 remaining clients
2015-12-19 10:45:05 6790 [Note] Binlog end
2015-12-19 10:45:05 6790 [Note] Shutting down plugin 'partition'
2015-12-19 10:45:05 6790 [Note] Shutting down plugin 'PERFORMANCE_SCHEMA'
2015-12-19 10:45:05 6790 [Note] Shutting down plugin 'INNODB_SYS_DATAFILES'
2015-12-19 10:45:05 6790 [Note] Shutting down plugin 'INNODB_SYS_TABLESPACES'
2015-12-19 10:45:05 6790 [Note] Shutting down plugin 'INNODB_SYS_FOREIGN_COLS'
2015-12-19 10:45:05 6790 [Note] Shutting down plugin 'INNODB_SYS_FOREIGN'
2015-12-19 10:45:05 6790 [Note] Shutting down plugin 'INNODB_SYS_FIELDS'
2015-12-19 10:45:05 6790 [Note] Shutting down plugin 'INNODB_SYS_COLUMNS'
2015-12-19 10:45:05 6790 [Note] Shutting down plugin 'INNODB_SYS_INDEXES'
2015-12-19 10:45:05 6790 [Note] Shutting down plugin 'INNODB_SYS_TABLESTATS'
2015-12-19 10:45:05 6790 [Note] Shutting down plugin 'INNODB_SYS_TABLES'
2015-12-19 10:45:05 6790 [Note] Shutting down plugin 'INNODB_FT_INDEX_TABLE'
2015-12-19 10:45:05 6790 [Note] Shutting down plugin 'INNODB_FT_INDEX_CACHE'
2015-12-19 10:45:05 6790 [Note] Shutting down plugin 'INNODB_FT_CONFIG'
2015-12-19 10:45:05 6790 [Note] Shutting down plugin 'INNODB_FT_BEING_DELETED'
2015-12-19 10:45:05 6790 [Note] Shutting down plugin 'INNODB_FT_DELETED'
2015-12-19 10:45:05 6790 [Note] Shutting down plugin 'INNODB_FT_DEFAULT_STOPWORD'
2015-12-19 10:45:05 6790 [Note] Shutting down plugin 'INNODB_METRICS'
2015-12-19 10:45:05 6790 [Note] Shutting down plugin 'INNODB_BUFFER_POOL_STATS'
2015-12-19 10:45:05 6790 [Note] Shutting down plugin 'INNODB_BUFFER_PAGE_LRU'
2015-12-19 10:45:05 6790 [Note] Shutting down plugin 'INNODB_BUFFER_PAGE'
2015-12-19 10:45:05 6790 [Note] Shutting down plugin 'INNODB_CMP_PER_INDEX_RESET'
2015-12-19 10:45:05 6790 [Note] Shutting down plugin 'INNODB_CMP_PER_INDEX'
2015-12-19 10:45:05 6790 [Note] Shutting down plugin 'INNODB_CMPMEM_RESET'
2015-12-19 10:45:05 6790 [Note] Shutting down plugin 'INNODB_CMPMEM'
2015-12-19 10:45:05 6790 [Note] Shutting down plugin 'INNODB_CMP_RESET'
2015-12-19 10:45:05 6790 [Note] Shutting down plugin 'INNODB_CMP'
2015-12-19 10:45:05 6790 [Note] Shutting down plugin 'INNODB_LOCK_WAITS'
2015-12-19 10:45:05 6790 [Note] Shutting down plugin 'INNODB_LOCKS'
2015-12-19 10:45:05 6790 [Note] Shutting down plugin 'INNODB_TRX'
2015-12-19 10:45:05 6790 [Note] Shutting down plugin 'InnoDB'
2015-12-19 10:45:05 6790 [Note] InnoDB: FTS optimize thread exiting.
2015-12-19 10:45:05 6790 [Note] InnoDB: Starting shutdown...
2015-12-19 10:45:06 6790 [Note] InnoDB: Shutdown completed; log sequence number 2025492
2015-12-19 10:45:06 6790 [Note] Shutting down plugin 'BLACKHOLE'
2015-12-19 10:45:06 6790 [Note] Shutting down plugin 'ARCHIVE'
2015-12-19 10:45:06 6790 [Note] Shutting down plugin 'MRG_MYISAM'
2015-12-19 10:45:06 6790 [Note] Shutting down plugin 'MyISAM'
2015-12-19 10:45:06 6790 [Note] Shutting down plugin 'MEMORY'
2015-12-19 10:45:06 6790 [Note] Shutting down plugin 'CSV'
2015-12-19 10:45:06 6790 [Note] Shutting down plugin 'sha256_password'
2015-12-19 10:45:06 6790 [Note] Shutting down plugin 'mysql_old_password'
2015-12-19 10:45:06 6790 [Note] Shutting down plugin 'mysql_native_password'
2015-12-19 10:45:06 6790 [Note] Shutting down plugin 'binlog'
2015-12-19 10:45:06 6790 [Note] /usr/local/Cellar/mysql/5.6.19/bin/mysqld: Shutdown complete

151219 10:45:06 mysqld_safe mysqld from pid file /usr/local/var/mysql/LiboMaMacBook-Pro.local.pid ended
151219 10:45:13 mysqld_safe Starting mysqld daemon with databases from /usr/local/var/mysql
2015-12-19 10:45:13 0 [Warning] TIMESTAMP with implicit DEFAULT value is deprecated. Please use --explicit_defaults_for_timestamp server option (see documentation for more details).
2015-12-19 10:45:13 7195 [Warning] Setting lower_case_table_names=2 because file system for /usr/local/var/mysql/ is case insensitive
2015-12-19 10:45:13 7195 [Note] Plugin 'FEDERATED' is disabled.
2015-12-19 10:45:13 7195 [Note] InnoDB: Using atomics to ref count buffer pool pages
2015-12-19 10:45:13 7195 [Note] InnoDB: The InnoDB memory heap is disabled
2015-12-19 10:45:13 7195 [Note] InnoDB: Mutexes and rw_locks use GCC atomic builtins
2015-12-19 10:45:13 7195 [Note] InnoDB: Compressed tables use zlib 1.2.3
2015-12-19 10:45:13 7195 [Note] InnoDB: Using CPU crc32 instructions
2015-12-19 10:45:13 7195 [Note] InnoDB: Initializing buffer pool, size = 128.0M
2015-12-19 10:45:13 7195 [Note] InnoDB: Completed initialization of buffer pool
2015-12-19 10:45:13 7195 [Note] InnoDB: Highest supported file format is Barracuda.
2015-12-19 10:45:13 7195 [Note] InnoDB: 128 rollback segment(s) are active.
2015-12-19 10:45:13 7195 [Note] InnoDB: Waiting for purge to start
2015-12-19 10:45:13 7195 [Note] InnoDB: 5.6.19 started; log sequence number 2025492
2015-12-19 10:45:13 7195 [Note] RSA private key file not found: /usr/local/var/mysql//private_key.pem. Some authentication plugins will not work.
2015-12-19 10:45:13 7195 [Note] RSA public key file not found: /usr/local/var/mysql//public_key.pem. Some authentication plugins will not work.
2015-12-19 10:45:13 7195 [Note] Server hostname (bind-address): '*'; port: 3306
2015-12-19 10:45:13 7195 [Note] IPv6 is available.
2015-12-19 10:45:13 7195 [Note]   - '::' resolves to '::';
2015-12-19 10:45:13 7195 [Note] Server socket created on IP: '::'.
2015-12-19 10:45:13 7195 [Note] Event Scheduler: Loaded 0 events
2015-12-19 10:45:13 7195 [Note] /usr/local/Cellar/mysql/5.6.19/bin/mysqld: ready for connections.
Version: '5.6.19'  socket: '/tmp/mysql.sock'  port: 3306  Homebrew
2015-12-19 10:47:57 7195 [Note] /usr/local/Cellar/mysql/5.6.19/bin/mysqld: Normal shutdown

2015-12-19 10:47:57 7195 [Note] Giving 0 client threads a chance to die gracefully
2015-12-19 10:47:57 7195 [Note] Event Scheduler: Purging the queue. 0 events
2015-12-19 10:47:57 7195 [Note] Shutting down slave threads
2015-12-19 10:47:57 7195 [Note] Forcefully disconnecting 0 remaining clients
2015-12-19 10:47:57 7195 [Note] Binlog end
2015-12-19 10:47:57 7195 [Note] Shutting down plugin 'partition'
2015-12-19 10:47:57 7195 [Note] Shutting down plugin 'PERFORMANCE_SCHEMA'
2015-12-19 10:47:57 7195 [Note] Shutting down plugin 'INNODB_SYS_DATAFILES'
2015-12-19 10:47:57 7195 [Note] Shutting down plugin 'INNODB_SYS_TABLESPACES'
2015-12-19 10:47:57 7195 [Note] Shutting down plugin 'INNODB_SYS_FOREIGN_COLS'
2015-12-19 10:47:57 7195 [Note] Shutting down plugin 'INNODB_SYS_FOREIGN'
2015-12-19 10:47:57 7195 [Note] Shutting down plugin 'INNODB_SYS_FIELDS'
2015-12-19 10:47:57 7195 [Note] Shutting down plugin 'INNODB_SYS_COLUMNS'
2015-12-19 10:47:57 7195 [Note] Shutting down plugin 'INNODB_SYS_INDEXES'
2015-12-19 10:47:57 7195 [Note] Shutting down plugin 'INNODB_SYS_TABLESTATS'
2015-12-19 10:47:57 7195 [Note] Shutting down plugin 'INNODB_SYS_TABLES'
2015-12-19 10:47:57 7195 [Note] Shutting down plugin 'INNODB_FT_INDEX_TABLE'
2015-12-19 10:47:57 7195 [Note] Shutting down plugin 'INNODB_FT_INDEX_CACHE'
2015-12-19 10:47:57 7195 [Note] Shutting down plugin 'INNODB_FT_CONFIG'
2015-12-19 10:47:57 7195 [Note] Shutting down plugin 'INNODB_FT_BEING_DELETED'
2015-12-19 10:47:57 7195 [Note] Shutting down plugin 'INNODB_FT_DELETED'
2015-12-19 10:47:57 7195 [Note] Shutting down plugin 'INNODB_FT_DEFAULT_STOPWORD'
2015-12-19 10:47:57 7195 [Note] Shutting down plugin 'INNODB_METRICS'
2015-12-19 10:47:57 7195 [Note] Shutting down plugin 'INNODB_BUFFER_POOL_STATS'
2015-12-19 10:47:57 7195 [Note] Shutting down plugin 'INNODB_BUFFER_PAGE_LRU'
2015-12-19 10:47:57 7195 [Note] Shutting down plugin 'INNODB_BUFFER_PAGE'
2015-12-19 10:47:57 7195 [Note] Shutting down plugin 'INNODB_CMP_PER_INDEX_RESET'
2015-12-19 10:47:57 7195 [Note] Shutting down plugin 'INNODB_CMP_PER_INDEX'
2015-12-19 10:47:57 7195 [Note] Shutting down plugin 'INNODB_CMPMEM_RESET'
2015-12-19 10:47:57 7195 [Note] Shutting down plugin 'INNODB_CMPMEM'
2015-12-19 10:47:57 7195 [Note] Shutting down plugin 'INNODB_CMP_RESET'
2015-12-19 10:47:57 7195 [Note] Shutting down plugin 'INNODB_CMP'
2015-12-19 10:47:57 7195 [Note] Shutting down plugin 'INNODB_LOCK_WAITS'
2015-12-19 10:47:57 7195 [Note] Shutting down plugin 'INNODB_LOCKS'
2015-12-19 10:47:57 7195 [Note] Shutting down plugin 'INNODB_TRX'
2015-12-19 10:47:57 7195 [Note] Shutting down plugin 'InnoDB'
2015-12-19 10:47:57 7195 [Note] InnoDB: FTS optimize thread exiting.
2015-12-19 10:47:57 7195 [Note] InnoDB: Starting shutdown...
2015-12-19 10:47:59 7195 [Note] InnoDB: Shutdown completed; log sequence number 2025502
2015-12-19 10:47:59 7195 [Note] Shutting down plugin 'BLACKHOLE'
2015-12-19 10:47:59 7195 [Note] Shutting down plugin 'ARCHIVE'
2015-12-19 10:47:59 7195 [Note] Shutting down plugin 'MRG_MYISAM'
2015-12-19 10:47:59 7195 [Note] Shutting down plugin 'MyISAM'
2015-12-19 10:47:59 7195 [Note] Shutting down plugin 'MEMORY'
2015-12-19 10:47:59 7195 [Note] Shutting down plugin 'CSV'
2015-12-19 10:47:59 7195 [Note] Shutting down plugin 'sha256_password'
2015-12-19 10:47:59 7195 [Note] Shutting down plugin 'mysql_old_password'
2015-12-19 10:47:59 7195 [Note] Shutting down plugin 'mysql_native_password'
2015-12-19 10:47:59 7195 [Note] Shutting down plugin 'binlog'
2015-12-19 10:47:59 7195 [Note] /usr/local/Cellar/mysql/5.6.19/bin/mysqld: Shutdown complete

151219 10:47:59 mysqld_safe mysqld from pid file /usr/local/var/mysql/LiboMaMacBook-Pro.local.pid ended
151219 11:37:29 mysqld_safe Starting mysqld daemon with databases from /usr/local/var/mysql
2015-12-19 11:37:30 0 [Warning] TIMESTAMP with implicit DEFAULT value is deprecated. Please use --explicit_defaults_for_timestamp server option (see documentation for more details).
2015-12-19 11:37:30 81585 [Warning] Setting lower_case_table_names=2 because file system for /usr/local/var/mysql/ is case insensitive
2015-12-19 11:37:30 81585 [Note] Plugin 'FEDERATED' is disabled.
2015-12-19 11:37:30 81585 [Note] InnoDB: Using atomics to ref count buffer pool pages
2015-12-19 11:37:30 81585 [Note] InnoDB: The InnoDB memory heap is disabled
2015-12-19 11:37:30 81585 [Note] InnoDB: Mutexes and rw_locks use GCC atomic builtins
2015-12-19 11:37:30 81585 [Note] InnoDB: Compressed tables use zlib 1.2.3
2015-12-19 11:37:30 81585 [Note] InnoDB: Using CPU crc32 instructions
2015-12-19 11:37:30 81585 [Note] InnoDB: Initializing buffer pool, size = 128.0M
2015-12-19 11:37:30 81585 [Note] InnoDB: Completed initialization of buffer pool
2015-12-19 11:37:30 81585 [Note] InnoDB: Highest supported file format is Barracuda.
2015-12-19 11:37:30 81585 [Note] InnoDB: 128 rollback segment(s) are active.
2015-12-19 11:37:30 81585 [Note] InnoDB: Waiting for purge to start
2015-12-19 11:37:30 81585 [Note] InnoDB: 5.6.17 started; log sequence number 2025502
2015-12-19 11:37:30 81585 [Note] RSA private key file not found: /usr/local/var/mysql//private_key.pem. Some authentication plugins will not work.
2015-12-19 11:37:30 81585 [Note] RSA public key file not found: /usr/local/var/mysql//public_key.pem. Some authentication plugins will not work.
2015-12-19 11:37:30 81585 [Note] Server hostname (bind-address): '*'; port: 3306
2015-12-19 11:37:30 81585 [Note] IPv6 is available.
2015-12-19 11:37:30 81585 [Note]   - '::' resolves to '::';
2015-12-19 11:37:30 81585 [Note] Server socket created on IP: '::'.
2015-12-19 11:37:30 81585 [Note] Event Scheduler: Loaded 0 events
2015-12-19 11:37:30 81585 [Note] /usr/local/Cellar/mysql/5.6.17_1/bin/mysqld: ready for connections.
Version: '5.6.17'  socket: '/tmp/mysql.sock'  port: 3306  Homebrew
